/bin/sh: gdk-pixbuf-config: not found
/bin/sh: gtk-config: not found
In file included from plugin.h:5,
                 from panel.c:13:
/usr/include/gtk-2.0/gtk/gtk.h:32:21: error: gdk/gdk.h: Нет такого файла или каталога
/usr/include/gtk-2.0/gtk/gtk.h:33:32: error: gtk/gtkaboutdialog.h: Нет такого файла или каталога
/usr/include/gtk-2.0/gtk/gtk.h:34:31: error: gtk/gtkaccelgroup.h: Нет такого файла или каталога
/usr/include/gtk-2.0/gtk/gtk.h:35:31: error: gtk/gtkaccellabel.h: Нет такого файла или каталога
/usr/include/gtk-2.0/gtk/gtk.h:36:29: error: gtk/gtkaccelmap.h: Нет такого файла или каталога
/usr/include/gtk-2.0/gtk/gtk.h:37:31: error: gtk/gtkaccessible.h: Нет такого файла или каталога
/usr/include/gtk-2.0/gtk/gtk.h:38:27: error: gtk/gtkaction.h: Нет такого файла или каталога
/usr/include/gtk-2.0/gtk/gtk.h:39:32: error: gtk/gtkactiongroup.h: Нет такого файла или каталога
/usr/include/gtk-2.0/gtk/gtk.h:40:32: error: gtk/gtkactivatable.h: Нет такого файла или каталога
/usr/include/gtk-2.0/gtk/gtk.h:41:31: error: gtk/gtkadjustment.h: Нет такого файла или каталога
/usr/include/gtk-2.0/gtk/gtk.h:42:30: error: gtk/gtkalignment.h: Нет такого файла или каталога
/usr/include/gtk-2.0/gtk/gtk.h:43:26: error: gtk/gtkarrow.h: Нет такого файла или каталога
/usr/include/gtk-2.0/gtk/gtk.h:44:32: error: gtk/gtkaspectframe.h: Нет такого файла или каталога
/usr/include/gtk-2.0/gtk/gtk.h:45:30: error: gtk/gtkassistant.h: Нет такого файла или каталога
/usr/include/gtk-2.0/gtk/gtk.h:46:25: error: gtk/gtkbbox.h: Нет такого файла или каталога
/usr/include/gtk-2.0/gtk/gtk.h:47:24: error: gtk/gtkbin.h: Нет такого файла или каталога
/usr/include/gtk-2.0/gtk/gtk.h:48:29: error: gtk/gtkbindings.h: Нет такого файла или каталога
/usr/include/gtk-2.0/gtk/gtk.h:49:24: error: gtk/gtkbox.h: Нет такого файла или каталога
/usr/include/gtk-2.0/gtk/gtk.h:50:30: error: gtk/gtkbuildable.h: Нет такого файла или каталога
/usr/include/gtk-2.0/gtk/gtk.h:51:28: error: gtk/gtkbuilder.h: Нет такого файла или каталога
/usr/include/gtk-2.0/gtk/gtk.h:52:27: error: gtk/gtkbutton.h: Нет такого файла или каталога
/usr/include/gtk-2.0/gtk/gtk.h:53:29: error: gtk/gtkcalendar.h: Нет такого файла или каталога
/usr/include/gtk-2.0/gtk/gtk.h:54:33: error: gtk/gtkcelleditable.h: Нет такого файла или каталога
/usr/include/gtk-2.0/gtk/gtk.h:55:31: error: gtk/gtkcelllayout.h: Нет такого файла или каталога
/usr/include/gtk-2.0/gtk/gtk.h:56:33: error: gtk/gtkcellrenderer.h: Нет такого файла или каталога
/usr/include/gtk-2.0/gtk/gtk.h:57:38: error: gtk/gtkcellrendereraccel.h: Нет такого файла или каталога
/usr/include/gtk-2.0/gtk/gtk.h:58:38: error: gtk/gtkcellrenderercombo.h: Нет такого файла или каталога
/usr/include/gtk-2.0/gtk/gtk.h:59:39: error: gtk/gtkcellrendererpixbuf.h: Нет такого файла или каталога
/usr/include/gtk-2.0/gtk/gtk.h:60:41: error: gtk/gtkcellrendererprogress.h: Нет такого файла или каталога
/usr/include/gtk-2.0/gtk/gtk.h:61:37: error: gtk/gtkcellrendererspin.h: Нет такого файла или каталога
/usr/include/gtk-2.0/gtk/gtk.h:62:40: error: gtk/gtkcellrendererspinner.h: Нет такого файла или каталога
/usr/include/gtk-2.0/gtk/gtk.h:63:37: error: gtk/gtkcellrenderertext.h: Нет такого файла или каталога
/usr/include/gtk-2.0/gtk/gtk.h:64:39: error: gtk/gtkcellrenderertoggle.h: Нет такого файла или каталога
/usr/include/gtk-2.0/gtk/gtk.h:65:29: error: gtk/gtkcellview.h: Нет такого файла или каталога
/usr/include/gtk-2.0/gtk/gtk.h:66:32: error: gtk/gtkcheckbutton.h: Нет такого файла или каталога
/usr/include/gtk-2.0/gtk/gtk.h:67:34: error: gtk/gtkcheckmenuitem.h: Нет такого файла или каталога
/usr/include/gtk-2.0/gtk/gtk.h:68:30: error: gtk/gtkclipboard.h: Нет такого файла или каталога
/usr/include/gtk-2.0/gtk/gtk.h:69:32: error: gtk/gtkcolorbutton.h: Нет такого файла или каталога
/usr/include/gtk-2.0/gtk/gtk.h:70:29: error: gtk/gtkcolorsel.h: Нет такого файла или каталога
/usr/include/gtk-2.0/gtk/gtk.h:71:35: error: gtk/gtkcolorseldialog.h: Нет такого файла или каталога
/usr/include/gtk-2.0/gtk/gtk.h:72:29: error: gtk/gtkcombobox.h: Нет такого файла или каталога
/usr/include/gtk-2.0/gtk/gtk.h:73:34: error: gtk/gtkcomboboxentry.h: Нет такого файла или каталога
/usr/include/gtk-2.0/gtk/gtk.h:74:30: error: gtk/gtkcontainer.h: Нет такого файла или каталога
/usr/include/gtk-2.0/gtk/gtk.h:75:26: error: gtk/gtkdebug.h: Нет такого файла или каталога
/usr/include/gtk-2.0/gtk/gtk.h:76:27: error: gtk/gtkdialog.h: Нет такого файла или каталога
/usr/include/gtk-2.0/gtk/gtk.h:77:24: error: gtk/gtkdnd.h: Нет такого файла или каталога
/usr/include/gtk-2.0/gtk/gtk.h:78:32: error: gtk/gtkdrawingarea.h: Нет такого файла или каталога
/usr/include/gtk-2.0/gtk/gtk.h:79:29: error: gtk/gtkeditable.h: Нет такого файла или каталога
/usr/include/gtk-2.0/gtk/gtk.h:80:26: error: gtk/gtkentry.h: Нет такого файла или каталога
/usr/include/gtk-2.0/gtk/gtk.h:81:32: error: gtk/gtkentrybuffer.h: Нет такого файла или каталога
/usr/include/gtk-2.0/gtk/gtk.h:82:36: error: gtk/gtkentrycompletion.h: Нет такого файла или каталога
/usr/include/gtk-2.0/gtk/gtk.h:83:26: error: gtk/gtkenums.h: Нет такого файла или каталога
/usr/include/gtk-2.0/gtk/gtk.h:84:29: error: gtk/gtkeventbox.h: Нет такого файла или каталога
/usr/include/gtk-2.0/gtk/gtk.h:85:29: error: gtk/gtkexpander.h: Нет такого файла или каталога
/usr/include/gtk-2.0/gtk/gtk.h:86:26: error: gtk/gtkfixed.h: Нет такого файла или каталога
/usr/include/gtk-2.0/gtk/gtk.h:87:32: error: gtk/gtkfilechooser.h: Нет такого файла или каталога
/usr/include/gtk-2.0/gtk/gtk.h:88:38: error: gtk/gtkfilechooserbutton.h: Нет такого файла или каталога
/usr/include/gtk-2.0/gtk/gtk.h:89:38: error: gtk/gtkfilechooserdialog.h: Нет такого файла или каталога
/usr/include/gtk-2.0/gtk/gtk.h:90:38: error: gtk/gtkfilechooserwidget.h: Нет такого файла или каталога
/usr/include/gtk-2.0/gtk/gtk.h:91:31: error: gtk/gtkfilefilter.h: Нет такого файла или каталога
/usr/include/gtk-2.0/gtk/gtk.h:92:31: error: gtk/gtkfontbutton.h: Нет такого файла или каталога
/usr/include/gtk-2.0/gtk/gtk.h:93:28: error: gtk/gtkfontsel.h: Нет такого файла или каталога
/usr/include/gtk-2.0/gtk/gtk.h:94:26: error: gtk/gtkframe.h: Нет такого файла или каталога
/usr/include/gtk-2.0/gtk/gtk.h:95:23: error: gtk/gtkgc.h: Нет такого файла или каталога
/usr/include/gtk-2.0/gtk/gtk.h:96:30: error: gtk/gtkhandlebox.h: Нет такого файла или каталога
/usr/include/gtk-2.0/gtk/gtk.h:97:26: error: gtk/gtkhbbox.h: Нет такого файла или каталога
/usr/include/gtk-2.0/gtk/gtk.h:98:25: error: gtk/gtkhbox.h: Нет такого файла или каталога
/usr/include/gtk-2.0/gtk/gtk.h:99:27: error: gtk/gtkhpaned.h: Нет такого файла или каталога
/usr/include/gtk-2.0/gtk/gtk.h:100:27: error: gtk/gtkhruler.h: Нет такого файла или каталога
/usr/include/gtk-2.0/gtk/gtk.h:101:27: error: gtk/gtkhscale.h: Нет такого файла или каталога
/usr/include/gtk-2.0/gtk/gtk.h:102:31: error: gtk/gtkhscrollbar.h: Нет такого файла или каталога
/usr/include/gtk-2.0/gtk/gtk.h:103:31: error: gtk/gtkhseparator.h: Нет такого файла или каталога
/usr/include/gtk-2.0/gtk/gtk.h:104:24: error: gtk/gtkhsv.h: Нет такого файла или каталога
/usr/include/gtk-2.0/gtk/gtk.h:105:32: error: gtk/gtkiconfactory.h: Нет такого файла или каталога
/usr/include/gtk-2.0/gtk/gtk.h:106:30: error: gtk/gtkicontheme.h: Нет такого файла или каталога
/usr/include/gtk-2.0/gtk/gtk.h:107:29: error: gtk/gtkiconview.h: Нет такого файла или каталога
/usr/include/gtk-2.0/gtk/gtk.h:108:26: error: gtk/gtkimage.h: Нет такого файла или каталога
/usr/include/gtk-2.0/gtk/gtk.h:109:34: error: gtk/gtkimagemenuitem.h: Нет такого файла или каталога
/usr/include/gtk-2.0/gtk/gtk.h:110:30: error: gtk/gtkimcontext.h: Нет такого файла или каталога
/usr/include/gtk-2.0/gtk/gtk.h:111:36: error: gtk/gtkimcontextsimple.h: Нет такого файла или каталога
/usr/include/gtk-2.0/gtk/gtk.h:112:35: error: gtk/gtkimmulticontext.h: Нет такого файла или каталога
/usr/include/gtk-2.0/gtk/gtk.h:113:28: error: gtk/gtkinfobar.h: Нет такого файла или каталога
/usr/include/gtk-2.0/gtk/gtk.h:114:30: error: gtk/gtkinvisible.h: Нет такого файла или каталога
/usr/include/gtk-2.0/gtk/gtk.h:115:25: error: gtk/gtkitem.h: Нет такого файла или каталога
/usr/include/gtk-2.0/gtk/gtk.h:116:26: error: gtk/gtklabel.h: Нет такого файла или каталога
/usr/include/gtk-2.0/gtk/gtk.h:117:27: error: gtk/gtklayout.h: Нет такого файла или каталога
/usr/include/gtk-2.0/gtk/gtk.h:118:31: error: gtk/gtklinkbutton.h: Нет такого файла или каталога
/usr/include/gtk-2.0/gtk/gtk.h:119:30: error: gtk/gtkliststore.h: Нет такого файла или каталога
/usr/include/gtk-2.0/gtk/gtk.h:120:25: error: gtk/gtkmain.h: Нет такого файла или каталога
/usr/include/gtk-2.0/gtk/gtk.h:121:25: error: gtk/gtkmenu.h: Нет такого файла или каталога
/usr/include/gtk-2.0/gtk/gtk.h:122:28: error: gtk/gtkmenubar.h: Нет такого файла или каталога
/usr/include/gtk-2.0/gtk/gtk.h:123:29: error: gtk/gtkmenuitem.h: Нет такого файла или каталога
/usr/include/gtk-2.0/gtk/gtk.h:124:30: error: gtk/gtkmenushell.h: Нет такого файла или каталога
/usr/include/gtk-2.0/gtk/gtk.h:125:35: error: gtk/gtkmenutoolbutton.h: Нет такого файла или каталога
/usr/include/gtk-2.0/gtk/gtk.h:126:34: error: gtk/gtkmessagedialog.h: Нет такого файла или каталога
/usr/include/gtk-2.0/gtk/gtk.h:127:25: error: gtk/gtkmisc.h: Нет такого файла или каталога
/usr/include/gtk-2.0/gtk/gtk.h:128:28: error: gtk/gtkmodules.h: Нет такого файла или каталога
/usr/include/gtk-2.0/gtk/gtk.h:129:35: error: gtk/gtkmountoperation.h: Нет такого файла или каталога
/usr/include/gtk-2.0/gtk/gtk.h:130:29: error: gtk/gtknotebook.h: Нет такого файла или каталога
/usr/include/gtk-2.0/gtk/gtk.h:131:27: error: gtk/gtkobject.h: Нет такого файла или каталога
/usr/include/gtk-2.0/gtk/gtk.h:132:36: error: gtk/gtkoffscreenwindow.h: Нет такого файла или каталога
/usr/include/gtk-2.0/gtk/gtk.h:133:31: error: gtk/gtkorientable.h: Нет такого файла или каталога
/usr/include/gtk-2.0/gtk/gtk.h:134:30: error: gtk/gtkpagesetup.h: Нет такого файла или каталога
/usr/include/gtk-2.0/gtk/gtk.h:135:30: error: gtk/gtkpapersize.h: Нет такого файла или каталога
/usr/include/gtk-2.0/gtk/gtk.h:136:26: error: gtk/gtkpaned.h: Нет такого файла или каталога
/usr/include/gtk-2.0/gtk/gtk.h:137:25: error: gtk/gtkplug.h: Нет такого файла или каталога
/usr/include/gtk-2.0/gtk/gtk.h:138:33: error: gtk/gtkprintcontext.h: Нет такого файла или каталога
/usr/include/gtk-2.0/gtk/gtk.h:139:35: error: gtk/gtkprintoperation.h: Нет такого файла или каталога
/usr/include/gtk-2.0/gtk/gtk.h:140:42: error: gtk/gtkprintoperationpreview.h: Нет такого файла или каталога
/usr/include/gtk-2.0/gtk/gtk.h:141:34: error: gtk/gtkprintsettings.h: Нет такого файла или каталога
/usr/include/gtk-2.0/gtk/gtk.h:142:32: error: gtk/gtkprogressbar.h: Нет такого файла или каталога
/usr/include/gtk-2.0/gtk/gtk.h:143:32: error: gtk/gtkradioaction.h: Нет такого файла или каталога
/usr/include/gtk-2.0/gtk/gtk.h:144:32: error: gtk/gtkradiobutton.h: Нет такого файла или каталога
/usr/include/gtk-2.0/gtk/gtk.h:145:34: error: gtk/gtkradiomenuitem.h: Нет такого файла или каталога
/usr/include/gtk-2.0/gtk/gtk.h:146:36: error: gtk/gtkradiotoolbutton.h: Нет такого файла или каталога
/usr/include/gtk-2.0/gtk/gtk.h:147:26: error: gtk/gtkrange.h: Нет такого файла или каталога
/usr/include/gtk-2.0/gtk/gtk.h:148:23: error: gtk/gtkrc.h: Нет такого файла или каталога
/usr/include/gtk-2.0/gtk/gtk.h:149:33: error: gtk/gtkrecentaction.h: Нет такого файла или каталога
/usr/include/gtk-2.0/gtk/gtk.h:150:34: error: gtk/gtkrecentchooser.h: Нет такого файла или каталога
/usr/include/gtk-2.0/gtk/gtk.h:151:40: error: gtk/gtkrecentchooserdialog.h: Нет такого файла или каталога
/usr/include/gtk-2.0/gtk/gtk.h:152:38: error: gtk/gtkrecentchoosermenu.h: Нет такого файла или каталога
/usr/include/gtk-2.0/gtk/gtk.h:153:40: error: gtk/gtkrecentchooserwidget.h: Нет такого файла или каталога
/usr/include/gtk-2.0/gtk/gtk.h:154:33: error: gtk/gtkrecentfilter.h: Нет такого файла или каталога
/usr/include/gtk-2.0/gtk/gtk.h:155:34: error: gtk/gtkrecentmanager.h: Нет такого файла или каталога
/usr/include/gtk-2.0/gtk/gtk.h:156:26: error: gtk/gtkruler.h: Нет такого файла или каталога
/usr/include/gtk-2.0/gtk/gtk.h:157:26: error: gtk/gtkscale.h: Нет такого файла или каталога
/usr/include/gtk-2.0/gtk/gtk.h:158:32: error: gtk/gtkscalebutton.h: Нет такого файла или каталога
/usr/include/gtk-2.0/gtk/gtk.h:159:30: error: gtk/gtkscrollbar.h: Нет такого файла или каталога
/usr/include/gtk-2.0/gtk/gtk.h:160:35: error: gtk/gtkscrolledwindow.h: Нет такого файла или каталога
/usr/include/gtk-2.0/gtk/gtk.h:161:30: error: gtk/gtkselection.h: Нет такого файла или каталога
/usr/include/gtk-2.0/gtk/gtk.h:162:30: error: gtk/gtkseparator.h: Нет такого файла или каталога
/usr/include/gtk-2.0/gtk/gtk.h:163:38: error: gtk/gtkseparatormenuitem.h: Нет такого файла или каталога
/usr/include/gtk-2.0/gtk/gtk.h:164:38: error: gtk/gtkseparatortoolitem.h: Нет такого файла или каталога
/usr/include/gtk-2.0/gtk/gtk.h:165:29: error: gtk/gtksettings.h: Нет такого файла или каталога
/usr/include/gtk-2.0/gtk/gtk.h:166:25: error: gtk/gtkshow.h: Нет такого файла или каталога
/usr/include/gtk-2.0/gtk/gtk.h:167:30: error: gtk/gtksizegroup.h: Нет такого файла или каталога
/usr/include/gtk-2.0/gtk/gtk.h:168:27: error: gtk/gtksocket.h: Нет такого файла или каталога
/usr/include/gtk-2.0/gtk/gtk.h:169:31: error: gtk/gtkspinbutton.h: Нет такого файла или каталога
/usr/include/gtk-2.0/gtk/gtk.h:170:28: error: gtk/gtkspinner.h: Нет такого файла или каталога
/usr/include/gtk-2.0/gtk/gtk.h:171:30: error: gtk/gtkstatusbar.h: Нет такого файла или каталога
/usr/include/gtk-2.0/gtk/gtk.h:172:31: error: gtk/gtkstatusicon.h: Нет такого файла или каталога
/usr/include/gtk-2.0/gtk/gtk.h:173:26: error: gtk/gtkstock.h: Нет такого файла или каталога
/usr/include/gtk-2.0/gtk/gtk.h:174:26: error: gtk/gtkstyle.h: Нет такого файла или каталога
/usr/include/gtk-2.0/gtk/gtk.h:175:26: error: gtk/gtktable.h: Нет такого файла или каталога
/usr/include/gtk-2.0/gtk/gtk.h:176:36: error: gtk/gtktearoffmenuitem.h: Нет такого файла или каталога
/usr/include/gtk-2.0/gtk/gtk.h:177:31: error: gtk/gtktextbuffer.h: Нет такого файла или каталога
/usr/include/gtk-2.0/gtk/gtk.h:178:39: error: gtk/gtktextbufferrichtext.h: Нет такого файла или каталога
/usr/include/gtk-2.0/gtk/gtk.h:179:30: error: gtk/gtktextchild.h: Нет такого файла или каталога
/usr/include/gtk-2.0/gtk/gtk.h:180:29: error: gtk/gtktextiter.h: Нет такого файла или каталога
/usr/include/gtk-2.0/gtk/gtk.h:181:29: error: gtk/gtktextmark.h: Нет такого файла или каталога
/usr/include/gtk-2.0/gtk/gtk.h:182:28: error: gtk/gtktexttag.h: Нет такого файла или каталога
/usr/include/gtk-2.0/gtk/gtk.h:183:33: error: gtk/gtktexttagtable.h: Нет такого файла или каталога
/usr/include/gtk-2.0/gtk/gtk.h:184:29: error: gtk/gtktextview.h: Нет такого файла или каталога
/usr/include/gtk-2.0/gtk/gtk.h:185:33: error: gtk/gtktoggleaction.h: Нет такого файла или каталога
/usr/include/gtk-2.0/gtk/gtk.h:186:33: error: gtk/gtktogglebutton.h: Нет такого файла или каталога
/usr/include/gtk-2.0/gtk/gtk.h:187:37: error: gtk/gtktoggletoolbutton.h: Нет такого файла или каталога
/usr/include/gtk-2.0/gtk/gtk.h:188:28: error: gtk/gtktoolbar.h: Нет такого файла или каталога
/usr/include/gtk-2.0/gtk/gtk.h:189:31: error: gtk/gtktoolbutton.h: Нет такого файла или каталога
/usr/include/gtk-2.0/gtk/gtk.h:190:29: error: gtk/gtktoolitem.h: Нет такого файла или каталога
/usr/include/gtk-2.0/gtk/gtk.h:191:34: error: gtk/gtktoolitemgroup.h: Нет такого файла или каталога
/usr/include/gtk-2.0/gtk/gtk.h:192:32: error: gtk/gtktoolpalette.h: Нет такого файла или каталога
/usr/include/gtk-2.0/gtk/gtk.h:193:30: error: gtk/gtktoolshell.h: Нет такого файла или каталога
/usr/include/gtk-2.0/gtk/gtk.h:194:28: error: gtk/gtktooltip.h: Нет такого файла или каталога
/usr/include/gtk-2.0/gtk/gtk.h:195:30: error: gtk/gtktestutils.h: Нет такого файла или каталога
/usr/include/gtk-2.0/gtk/gtk.h:196:28: error: gtk/gtktreednd.h: Нет такого файла или каталога
/usr/include/gtk-2.0/gtk/gtk.h:197:30: error: gtk/gtktreemodel.h: Нет такого файла или каталога
/usr/include/gtk-2.0/gtk/gtk.h:198:36: error: gtk/gtktreemodelfilter.h: Нет такого файла или каталога
/usr/include/gtk-2.0/gtk/gtk.h:199:34: error: gtk/gtktreemodelsort.h: Нет такого файла или каталога
/usr/include/gtk-2.0/gtk/gtk.h:200:34: error: gtk/gtktreeselection.h: Нет такого файла или каталога
/usr/include/gtk-2.0/gtk/gtk.h:201:33: error: gtk/gtktreesortable.h: Нет такого файла или каталога
/usr/include/gtk-2.0/gtk/gtk.h:202:30: error: gtk/gtktreestore.h: Нет такого файла или каталога
/usr/include/gtk-2.0/gtk/gtk.h:203:29: error: gtk/gtktreeview.h: Нет такого файла или каталога
/usr/include/gtk-2.0/gtk/gtk.h:204:35: error: gtk/gtktreeviewcolumn.h: Нет такого файла или каталога
/usr/include/gtk-2.0/gtk/gtk.h:205:30: error: gtk/gtktypeutils.h: Нет такого файла или каталога
/usr/include/gtk-2.0/gtk/gtk.h:206:30: error: gtk/gtkuimanager.h: Нет такого файла или каталога
/usr/include/gtk-2.0/gtk/gtk.h:207:26: error: gtk/gtkvbbox.h: Нет такого файла или каталога
/usr/include/gtk-2.0/gtk/gtk.h:208:25: error: gtk/gtkvbox.h: Нет такого файла или каталога
/usr/include/gtk-2.0/gtk/gtk.h:209:28: error: gtk/gtkversion.h: Нет такого файла или каталога
/usr/include/gtk-2.0/gtk/gtk.h:210:29: error: gtk/gtkviewport.h: Нет такого файла или каталога
/usr/include/gtk-2.0/gtk/gtk.h:211:33: error: gtk/gtkvolumebutton.h: Нет такого файла или каталога
/usr/include/gtk-2.0/gtk/gtk.h:212:27: error: gtk/gtkvpaned.h: Нет такого файла или каталога
/usr/include/gtk-2.0/gtk/gtk.h:213:27: error: gtk/gtkvruler.h: Нет такого файла или каталога
/usr/include/gtk-2.0/gtk/gtk.h:214:27: error: gtk/gtkvscale.h: Нет такого файла или каталога
/usr/include/gtk-2.0/gtk/gtk.h:215:31: error: gtk/gtkvscrollbar.h: Нет такого файла или каталога
/usr/include/gtk-2.0/gtk/gtk.h:216:31: error: gtk/gtkvseparator.h: Нет такого файла или каталога
/usr/include/gtk-2.0/gtk/gtk.h:217:27: error: gtk/gtkwidget.h: Нет такого файла или каталога
/usr/include/gtk-2.0/gtk/gtk.h:218:27: error: gtk/gtkwindow.h: Нет такого файла или каталога
/usr/include/gtk-2.0/gtk/gtk.h:221:25: error: gtk/gtktext.h: Нет такого файла или каталога
/usr/include/gtk-2.0/gtk/gtk.h:222:25: error: gtk/gtktree.h: Нет такого файла или каталога
/usr/include/gtk-2.0/gtk/gtk.h:223:29: error: gtk/gtktreeitem.h: Нет такого файла или каталога
/usr/include/gtk-2.0/gtk/gtk.h:226:26: error: gtk/gtkclist.h: Нет такого файла или каталога
/usr/include/gtk-2.0/gtk/gtk.h:227:26: error: gtk/gtkcombo.h: Нет такого файла или каталога
/usr/include/gtk-2.0/gtk/gtk.h:228:26: error: gtk/gtkctree.h: Нет такого файла или каталога
/usr/include/gtk-2.0/gtk/gtk.h:229:26: error: gtk/gtkcurve.h: Нет такого файла или каталога
/usr/include/gtk-2.0/gtk/gtk.h:230:28: error: gtk/gtkfilesel.h: Нет такого файла или каталога
/usr/include/gtk-2.0/gtk/gtk.h:231:26: error: gtk/gtkgamma.h: Нет такого файла или каталога
/usr/include/gtk-2.0/gtk/gtk.h:232:32: error: gtk/gtkinputdialog.h: Нет такого файла или каталога
/usr/include/gtk-2.0/gtk/gtk.h:233:32: error: gtk/gtkitemfactory.h: Нет такого файла или каталога
/usr/include/gtk-2.0/gtk/gtk.h:234:25: error: gtk/gtklist.h: Нет такого файла или каталога
/usr/include/gtk-2.0/gtk/gtk.h:235:29: error: gtk/gtklistitem.h: Нет такого файла или каталога
/usr/include/gtk-2.0/gtk/gtk.h:236:32: error: gtk/gtkoldeditable.h: Нет такого файла или каталога
/usr/include/gtk-2.0/gtk/gtk.h:237:31: error: gtk/gtkoptionmenu.h: Нет такого файла или каталога
/usr/include/gtk-2.0/gtk/gtk.h:238:27: error: gtk/gtkpixmap.h: Нет такого файла или каталога
/usr/include/gtk-2.0/gtk/gtk.h:239:28: error: gtk/gtkpreview.h: Нет такого файла или каталога
/usr/include/gtk-2.0/gtk/gtk.h:240:29: error: gtk/gtkprogress.h: Нет такого файла или каталога
/usr/include/gtk-2.0/gtk/gtk.h:241:27: error: gtk/gtksignal.h: Нет такого файла или каталога
/usr/include/gtk-2.0/gtk/gtk.h:242:30: error: gtk/gtktipsquery.h: Нет такого файла или каталога
/usr/include/gtk-2.0/gtk/gtk.h:243:29: error: gtk/gtktooltips.h: Нет такого файла или каталога
In file included from plugin.h:6,
                 from panel.c:13:
/usr/include/gtk-2.0/gdk/gdk.h:32:37: error: gdk/gdkapplaunchcontext.h: Нет такого файла или каталога
/usr/include/gtk-2.0/gdk/gdk.h:33:26: error: gdk/gdkcairo.h: Нет такого файла или каталога
/usr/include/gtk-2.0/gdk/gdk.h:34:26: error: gdk/gdkcolor.h: Нет такого файла или каталога
/usr/include/gtk-2.0/gdk/gdk.h:35:27: error: gdk/gdkcursor.h: Нет такого файла или каталога
/usr/include/gtk-2.0/gdk/gdk.h:36:28: error: gdk/gdkdisplay.h: Нет такого файла или каталога
/usr/include/gtk-2.0/gdk/gdk.h:37:35: error: gdk/gdkdisplaymanager.h: Нет такого файла или каталога
/usr/include/gtk-2.0/gdk/gdk.h:38:24: error: gdk/gdkdnd.h: Нет такого файла или каталога
/usr/include/gtk-2.0/gdk/gdk.h:39:29: error: gdk/gdkdrawable.h: Нет такого файла или каталога
/usr/include/gtk-2.0/gdk/gdk.h:40:30: error: gdk/gdkenumtypes.h: Нет такого файла или каталога
/usr/include/gtk-2.0/gdk/gdk.h:41:27: error: gdk/gdkevents.h: Нет такого файла или каталога
/usr/include/gtk-2.0/gdk/gdk.h:42:25: error: gdk/gdkfont.h: Нет такого файла или каталога
/usr/include/gtk-2.0/gdk/gdk.h:43:23: error: gdk/gdkgc.h: Нет такого файла или каталога
/usr/include/gtk-2.0/gdk/gdk.h:44:26: error: gdk/gdkimage.h: Нет такого файла или каталога
/usr/include/gtk-2.0/gdk/gdk.h:45:26: error: gdk/gdkinput.h: Нет такого файла или каталога
/usr/include/gtk-2.0/gdk/gdk.h:46:25: error: gdk/gdkkeys.h: Нет такого файла или каталога
/usr/include/gtk-2.0/gdk/gdk.h:47:26: error: gdk/gdkpango.h: Нет такого файла или каталога
/usr/include/gtk-2.0/gdk/gdk.h:48:27: error: gdk/gdkpixbuf.h: Нет такого файла или каталога
/usr/include/gtk-2.0/gdk/gdk.h:49:27: error: gdk/gdkpixmap.h: Нет такого файла или каталога
/usr/include/gtk-2.0/gdk/gdk.h:50:29: error: gdk/gdkproperty.h: Нет такого файла или каталога
/usr/include/gtk-2.0/gdk/gdk.h:51:27: error: gdk/gdkregion.h: Нет такого файла или каталога
/usr/include/gtk-2.0/gdk/gdk.h:52:24: error: gdk/gdkrgb.h: Нет такого файла или каталога
/usr/include/gtk-2.0/gdk/gdk.h:53:27: error: gdk/gdkscreen.h: Нет такого файла или каталога
/usr/include/gtk-2.0/gdk/gdk.h:54:30: error: gdk/gdkselection.h: Нет такого файла или каталога
/usr/include/gtk-2.0/gdk/gdk.h:55:26: error: gdk/gdkspawn.h: Нет такого файла или каталога
/usr/include/gtk-2.0/gdk/gdk.h:56:30: error: gdk/gdktestutils.h: Нет такого файла или каталога
/usr/include/gtk-2.0/gdk/gdk.h:57:26: error: gdk/gdktypes.h: Нет такого файла или каталога
/usr/include/gtk-2.0/gdk/gdk.h:58:27: error: gdk/gdkvisual.h: Нет такого файла или каталога
/usr/include/gtk-2.0/gdk/gdk.h:59:27: error: gdk/gdkwindow.h: Нет такого файла или каталога
In file included from plugin.h:6,
                 from panel.c:13:
/usr/include/gtk-2.0/gdk/gdk.h:69: error: expected ‘=’, ‘,’, ‘;’, ‘asm’ or ‘__attribute__’ before ‘void’
/usr/include/gtk-2.0/gdk/gdk.h:71: error: expected ‘)’ before ‘*’ token
/usr/include/gtk-2.0/gdk/gdk.h:73: error: expected ‘=’, ‘,’, ‘;’, ‘asm’ or ‘__attribute__’ before ‘gdk_init_check’
/usr/include/gtk-2.0/gdk/gdk.h:75: error: expected ‘)’ before ‘*’ token
/usr/include/gtk-2.0/gdk/gdk.h:79: error: expected ‘)’ before ‘error_code’
/usr/include/gtk-2.0/gdk/gdk.h:81: error: expected ‘=’, ‘,’, ‘;’, ‘asm’ or ‘__attribute__’ before ‘*’ token
/usr/include/gtk-2.0/gdk/gdk.h:83: error: expected ‘=’, ‘,’, ‘;’, ‘asm’ or ‘__attribute__’ before ‘char’
/usr/include/gtk-2.0/gdk/gdk.h:89: error: expected ‘=’, ‘,’, ‘;’, ‘asm’ or ‘__attribute__’ before ‘gdk_error_trap_pop’
/usr/include/gtk-2.0/gdk/gdk.h:92: error: expected ‘)’ before ‘use_xshm’
/usr/include/gtk-2.0/gdk/gdk.h:93: error: expected ‘=’, ‘,’, ‘;’, ‘asm’ or ‘__attribute__’ before ‘gdk_get_use_xshm’
/usr/include/gtk-2.0/gdk/gdk.h:96: error: expected ‘=’, ‘,’, ‘;’, ‘asm’ or ‘__attribute__’ before ‘*’ token
/usr/include/gtk-2.0/gdk/gdk.h:97: error: expected ‘=’, ‘,’, ‘;’, ‘asm’ or ‘__attribute__’ before ‘gchar’
/usr/include/gtk-2.0/gdk/gdk.h:101: error: expected ‘=’, ‘,’, ‘;’, ‘asm’ or ‘__attribute__’ before ‘gdk_input_add_full’
/usr/include/gtk-2.0/gdk/gdk.h:108: error: expected ‘=’, ‘,’, ‘;’, ‘asm’ or ‘__attribute__’ before ‘gdk_input_add’
/usr/include/gtk-2.0/gdk/gdk.h:112: error: expected ‘)’ before ‘tag’
/usr/include/gtk-2.0/gdk/gdk.h:115: error: expected ‘=’, ‘,’, ‘;’, ‘asm’ or ‘__attribute__’ before ‘gdk_pointer_grab’
/usr/include/gtk-2.0/gdk/gdk.h:121: error: expected ‘=’, ‘,’, ‘;’, ‘asm’ or ‘__attribute__’ before ‘gdk_keyboard_grab’
/usr/include/gtk-2.0/gdk/gdk.h:125: error: expected ‘=’, ‘,’, ‘;’, ‘asm’ or ‘__attribute__’ before ‘gdk_pointer_grab_info_libgtk_only’
/usr/include/gtk-2.0/gdk/gdk.h:128: error: expected ‘=’, ‘,’, ‘;’, ‘asm’ or ‘__attribute__’ before ‘gdk_keyboard_grab_info_libgtk_only’
/usr/include/gtk-2.0/gdk/gdk.h:133: error: expected ‘)’ before ‘time_’
/usr/include/gtk-2.0/gdk/gdk.h:134: error: expected ‘)’ before ‘time_’
/usr/include/gtk-2.0/gdk/gdk.h:135: error: expected ‘=’, ‘,’, ‘;’, ‘asm’ or ‘__attribute__’ before ‘gdk_pointer_is_grabbed’
/usr/include/gtk-2.0/gdk/gdk.h:137: error: expected ‘=’, ‘,’, ‘;’, ‘asm’ or ‘__attribute__’ before ‘gdk_screen_width’
/usr/include/gtk-2.0/gdk/gdk.h:138: error: expected ‘=’, ‘,’, ‘;’, ‘asm’ or ‘__attribute__’ before ‘gdk_screen_height’
/usr/include/gtk-2.0/gdk/gdk.h:140: error: expected ‘=’, ‘,’, ‘;’, ‘asm’ or ‘__attribute__’ before ‘gdk_screen_width_mm’
/usr/include/gtk-2.0/gdk/gdk.h:141: error: expected ‘=’, ‘,’, ‘;’, ‘asm’ or ‘__attribute__’ before ‘gdk_screen_height_mm’
/usr/include/gtk-2.0/gdk/gdk.h:149: error: expected ‘)’ before ‘msec’
/usr/include/gtk-2.0/gdk/gdk.h:154: error: expected ‘=’, ‘,’, ‘;’, ‘asm’ or ‘__attribute__’ before ‘gdk_rectangle_intersect’
/usr/include/gtk-2.0/gdk/gdk.h:157: error: expected ‘;’, ‘,’ or ‘)’ before ‘*’ token
/usr/include/gtk-2.0/gdk/gdk.h:161: error: expected ‘=’, ‘,’, ‘;’, ‘asm’ or ‘__attribute__’ before ‘gdk_rectangle_get_type’
/usr/include/gtk-2.0/gdk/gdk.h:168: error: expected ‘=’, ‘,’, ‘;’, ‘asm’ or ‘__attribute__’ before ‘*’ token
/usr/include/gtk-2.0/gdk/gdk.h:169: error: expected ‘=’, ‘,’, ‘;’, ‘asm’ or ‘__attribute__’ before ‘gdk_mbstowcs’
/usr/include/gtk-2.0/gdk/gdk.h:176: error: expected ‘=’, ‘,’, ‘;’, ‘asm’ or ‘__attribute__’ before ‘gdk_event_send_client_message’
/usr/include/gtk-2.0/gdk/gdk.h:178: error: expected ‘)’ before ‘*’ token
/usr/include/gtk-2.0/gdk/gdk.h:180: error: expected ‘=’, ‘,’, ‘;’, ‘asm’ or ‘__attribute__’ before ‘gdk_event_send_client_message_for_display’
/usr/include/gtk-2.0/gdk/gdk.h:186: error: expected ‘;’, ‘,’ or ‘)’ before ‘*’ token
/usr/include/gtk-2.0/gdk/gdk.h:192: error: expected ‘=’, ‘,’, ‘;’, ‘asm’ or ‘__attribute__’ before ‘GMutex’
/usr/include/gtk-2.0/gdk/gdk.h:195: error: expected ‘=’, ‘,’, ‘;’, ‘asm’ or ‘__attribute__’ before ‘GCallback’
/usr/include/gtk-2.0/gdk/gdk.h:196: error: expected ‘=’, ‘,’, ‘;’, ‘asm’ or ‘__attribute__’ before ‘GCallback’
/usr/include/gtk-2.0/gdk/gdk.h:201: error: expected ‘)’ before ‘enter_fn’
/usr/include/gtk-2.0/gdk/gdk.h:204: error: expected ‘=’, ‘,’, ‘;’, ‘asm’ or ‘__attribute__’ before ‘gdk_threads_add_idle_full’
/usr/include/gtk-2.0/gdk/gdk.h:208: error: expected ‘=’, ‘,’, ‘;’, ‘asm’ or ‘__attribute__’ before ‘gdk_threads_add_idle’
/usr/include/gtk-2.0/gdk/gdk.h:210: error: expected ‘=’, ‘,’, ‘;’, ‘asm’ or ‘__attribute__’ before ‘gdk_threads_add_timeout_full’
/usr/include/gtk-2.0/gdk/gdk.h:215: error: expected ‘=’, ‘,’, ‘;’, ‘asm’ or ‘__attribute__’ before ‘gdk_threads_add_timeout’
/usr/include/gtk-2.0/gdk/gdk.h:218: error: expected ‘=’, ‘,’, ‘;’, ‘asm’ or ‘__attribute__’ before ‘gdk_threads_add_timeout_seconds_full’
/usr/include/gtk-2.0/gdk/gdk.h:223: error: expected ‘=’, ‘,’, ‘;’, ‘asm’ or ‘__attribute__’ before ‘gdk_threads_add_timeout_seconds’
In file included from /usr/include/X11/Xlib.h:47,
                 from panel.h:5,
                 from plugin.h:8,
                 from panel.c:13:
/usr/include/X11/X.h:66: error: expected ‘=’, ‘,’, ‘;’, ‘asm’ or ‘__attribute__’ before ‘typedef’
/usr/include/X11/X.h:96: error: expected ‘=’, ‘,’, ‘;’, ‘asm’ or ‘__attribute__’ before ‘Window’
/usr/include/X11/X.h:97: error: expected ‘=’, ‘,’, ‘;’, ‘asm’ or ‘__attribute__’ before ‘Drawable’
/usr/include/X11/X.h:100: error: expected ‘=’, ‘,’, ‘;’, ‘asm’ or ‘__attribute__’ before ‘Font’
/usr/include/X11/X.h:102: error: expected ‘=’, ‘,’, ‘;’, ‘asm’ or ‘__attribute__’ before ‘Pixmap’
/usr/include/X11/X.h:103: error: expected ‘=’, ‘,’, ‘;’, ‘asm’ or ‘__attribute__’ before ‘Cursor’
/usr/include/X11/X.h:104: error: expected ‘=’, ‘,’, ‘;’, ‘asm’ or ‘__attribute__’ before ‘Colormap’
/usr/include/X11/X.h:105: error: expected ‘=’, ‘,’, ‘;’, ‘asm’ or ‘__attribute__’ before ‘GContext’
/usr/include/X11/X.h:106: error: expected ‘=’, ‘,’, ‘;’, ‘asm’ or ‘__attribute__’ before ‘KeySym’
In file included from panel.h:5,
                 from plugin.h:8,
                 from panel.c:13:
/usr/include/X11/Xlib.h:206: error: expected specifier-qualifier-list before ‘Pixmap’
/usr/include/X11/Xlib.h:271: error: expected specifier-qualifier-list before ‘Window’
/usr/include/X11/Xlib.h:302: error: expected specifier-qualifier-list before ‘Pixmap’
/usr/include/X11/Xlib.h:325: error: expected specifier-qualifier-list before ‘Window’
/usr/include/X11/Xlib.h:414: error: expected specifier-qualifier-list before ‘Window’
/usr/include/X11/Xlib.h:516: error: expected specifier-qualifier-list before ‘XID’
/usr/include/X11/Xlib.h:573: error: expected specifier-qualifier-list before ‘Window’
/usr/include/X11/Xlib.h:591: error: expected specifier-qualifier-list before ‘Window’
/usr/include/X11/Xlib.h:609: error: expected specifier-qualifier-list before ‘Window’
/usr/include/X11/Xlib.h:626: error: expected specifier-qualifier-list before ‘Window’
/usr/include/X11/Xlib.h:650: error: expected specifier-qualifier-list before ‘Window’
/usr/include/X11/Xlib.h:669: error: expected specifier-qualifier-list before ‘Window’
/usr/include/X11/Xlib.h:678: error: expected specifier-qualifier-list before ‘Window’
/usr/include/X11/Xlib.h:689: error: expected specifier-qualifier-list before ‘Drawable’
/usr/include/X11/Xlib.h:702: error: expected specifier-qualifier-list before ‘Drawable’
/usr/include/X11/Xlib.h:712: error: expected specifier-qualifier-list before ‘Window’
/usr/include/X11/Xlib.h:721: error: expected specifier-qualifier-list before ‘Window’
/usr/include/X11/Xlib.h:734: error: expected specifier-qualifier-list before ‘Window’
/usr/include/X11/Xlib.h:743: error: expected specifier-qualifier-list before ‘Window’
/usr/include/X11/Xlib.h:753: error: expected specifier-qualifier-list before ‘Window’
/usr/include/X11/Xlib.h:763: error: expected specifier-qualifier-list before ‘Window’
/usr/include/X11/Xlib.h:772: error: expected specifier-qualifier-list before ‘Window’
/usr/include/X11/Xlib.h:784: error: expected specifier-qualifier-list before ‘Window’
/usr/include/X11/Xlib.h:798: error: expected specifier-qualifier-list before ‘Window’
/usr/include/X11/Xlib.h:808: error: expected specifier-qualifier-list before ‘Window’
/usr/include/X11/Xlib.h:817: error: expected specifier-qualifier-list before ‘Window’
/usr/include/X11/Xlib.h:832: error: expected specifier-qualifier-list before ‘Window’
/usr/include/X11/Xlib.h:842: error: expected specifier-qualifier-list before ‘Window’
/usr/include/X11/Xlib.h:852: error: expected specifier-qualifier-list before ‘Window’
/usr/include/X11/Xlib.h:863: error: expected specifier-qualifier-list before ‘Window’
/usr/include/X11/Xlib.h:873: error: expected specifier-qualifier-list before ‘Window’
/usr/include/X11/Xlib.h:886: error: expected specifier-qualifier-list before ‘Window’
/usr/include/X11/Xlib.h:898: error: expected specifier-qualifier-list before ‘Window’
/usr/include/X11/Xlib.h:913: error: expected specifier-qualifier-list before ‘Window’
/usr/include/X11/Xlib.h:928: error: expected specifier-qualifier-list before ‘Window’
/usr/include/X11/Xlib.h:938: error: expected specifier-qualifier-list before ‘XID’
/usr/include/X11/Xlib.h:950: error: expected specifier-qualifier-list before ‘Window’
/usr/include/X11/Xlib.h:1048: error: expected specifier-qualifier-list before ‘Font’
/usr/include/X11/Xlib.h:1072: error: expected specifier-qualifier-list before ‘Font’
/usr/include/X11/Xlib.h:1084: error: expected specifier-qualifier-list before ‘Font’
/usr/include/X11/Xlib.h:1372: error: expected specifier-qualifier-list before ‘Pixmap’
/usr/include/X11/Xlib.h:1377: error: expected specifier-qualifier-list before ‘KeySym’
/usr/include/X11/Xlib.h:1412: error: expected declaration specifiers or ‘...’ before ‘XID’
/usr/include/X11/Xlib.h:1418: error: expected declaration specifiers or ‘...’ before ‘Window’
/usr/include/X11/Xlib.h:1469: error: expected declaration specifiers or ‘...’ before ‘Drawable’
/usr/include/X11/Xlib.h:1479: error: expected declaration specifiers or ‘...’ before ‘Drawable’
/usr/include/X11/Xlib.h:1559: error: expected ‘=’, ‘,’, ‘;’, ‘asm’ or ‘__attribute__’ before ‘XCopyColormapAndFree’
/usr/include/X11/Xlib.h:1563: error: expected ‘=’, ‘,’, ‘;’, ‘asm’ or ‘__attribute__’ before ‘XCreateColormap’
/usr/include/X11/Xlib.h:1569: error: expected ‘=’, ‘,’, ‘;’, ‘asm’ or ‘__attribute__’ before ‘XCreatePixmapCursor’
/usr/include/X11/Xlib.h:1578: error: expected ‘=’, ‘,’, ‘;’, ‘asm’ or ‘__attribute__’ before ‘XCreateGlyphCursor’
/usr/include/X11/Xlib.h:1587: error: expected ‘=’, ‘,’, ‘;’, ‘asm’ or ‘__attribute__’ before ‘XCreateFontCursor’
/usr/include/X11/Xlib.h:1591: error: expected ‘=’, ‘,’, ‘;’, ‘asm’ or ‘__attribute__’ before ‘XLoadFont’
/usr/include/X11/Xlib.h:1597: error: expected declaration specifiers or ‘...’ before ‘Drawable’
/usr/include/X11/Xlib.h:1601: error: expected ‘=’, ‘,’, ‘;’, ‘asm’ or ‘__attribute__’ before ‘XGContextFromGC’
/usr/include/X11/Xlib.h:1608: error: expected ‘=’, ‘,’, ‘;’, ‘asm’ or ‘__attribute__’ before ‘XCreatePixmap’
/usr/include/X11/Xlib.h:1615: error: expected ‘=’, ‘,’, ‘;’, ‘asm’ or ‘__attribute__’ before ‘XCreateBitmapFromData’
/usr/include/X11/Xlib.h:1622: error: expected ‘=’, ‘,’, ‘;’, ‘asm’ or ‘__attribute__’ before ‘XCreatePixmapFromBitmapData’
/usr/include/X11/Xlib.h:1632: error: expected ‘=’, ‘,’, ‘;’, ‘asm’ or ‘__attribute__’ before ‘XCreateSimpleWindow’
/usr/include/X11/Xlib.h:1643: error: expected ‘=’, ‘,’, ‘;’, ‘asm’ or ‘__attribute__’ before ‘XGetSelectionOwner’
/usr/include/X11/Xlib.h:1647: error: expected ‘=’, ‘,’, ‘;’, ‘asm’ or ‘__attribute__’ before ‘XCreateWindow’
/usr/include/X11/Xlib.h:1661: error: expected ‘=’, ‘,’, ‘;’, ‘asm’ or ‘__attribute__’ before ‘*’ token
/usr/include/X11/Xlib.h:1689: error: expected declaration specifiers or ‘...’ before ‘Window’
/usr/include/X11/Xlib.h:1697: error: expected ‘=’, ‘,’, ‘;’, ‘asm’ or ‘__attribute__’ before ‘XKeycodeToKeysym’
/usr/include/X11/Xlib.h:1706: error: expected ‘=’, ‘,’, ‘;’, ‘asm’ or ‘__attribute__’ before ‘XLookupKeysym’
/usr/include/X11/Xlib.h:1710: error: expected ‘=’, ‘,’, ‘;’, ‘asm’ or ‘__attribute__’ before ‘*’ token
/usr/include/X11/Xlib.h:1720: error: expected ‘=’, ‘,’, ‘;’, ‘asm’ or ‘__attribute__’ before ‘XStringToKeysym’
/usr/include/X11/Xlib.h:1775: error: expected ‘=’, ‘,’, ‘;’, ‘asm’ or ‘__attribute__’ before ‘XRootWindow’
/usr/include/X11/Xlib.h:1779: error: expected ‘=’, ‘,’, ‘;’, ‘asm’ or ‘__attribute__’ before ‘XDefaultRootWindow’
/usr/include/X11/Xlib.h:1782: error: expected ‘=’, ‘,’, ‘;’, ‘asm’ or ‘__attribute__’ before ‘XRootWindowOfScreen’
/usr/include/X11/Xlib.h:1828: error: expected ‘=’, ‘,’, ‘;’, ‘asm’ or ‘__attribute__’ before ‘XDefaultColormap’
/usr/include/X11/Xlib.h:1832: error: expected ‘=’, ‘,’, ‘;’, ‘asm’ or ‘__attribute__’ before ‘XDefaultColormapOfScreen’
/usr/include/X11/Xlib.h:1886: error: expected declaration specifiers or ‘...’ before ‘Window’
/usr/include/X11/Xlib.h:1894: error: expected declaration specifiers or ‘...’ before ‘Window’
/usr/include/X11/Xlib.h:1900: error: expected declaration specifiers or ‘...’ before ‘Window’
/usr/include/X11/Xlib.h:1906: error: expected declaration specifiers or ‘...’ before ‘Window’
/usr/include/X11/Xlib.h:1911: error: expected declaration specifiers or ‘...’ before ‘Window’
/usr/include/X11/Xlib.h:1916: error: expected declaration specifiers or ‘...’ before ‘Window’
/usr/include/X11/Xlib.h:1922: error: expected declaration specifiers or ‘...’ before ‘Window’
/usr/include/X11/Xlib.h:1923: error: expected declaration specifiers or ‘...’ before ‘Window’
/usr/include/X11/Xlib.h:1928: error: expected declaration specifiers or ‘...’ before ‘Window’
/usr/include/X11/Xlib.h:1929: error: expected declaration specifiers or ‘...’ before ‘Window’
/usr/include/X11/Xlib.h:1937: error: expected declaration specifiers or ‘...’ before ‘Window’
/usr/include/X11/Xlib.h:1938: error: expected declaration specifiers or ‘...’ before ‘Window’
/usr/include/X11/Xlib.h:1965: error: expected declaration specifiers or ‘...’ before ‘Window’
/usr/include/X11/Xlib.h:1970: error: expected declaration specifiers or ‘...’ before ‘Colormap’
/usr/include/X11/Xlib.h:1976: error: expected declaration specifiers or ‘...’ before ‘Colormap’
/usr/include/X11/Xlib.h:1986: error: expected declaration specifiers or ‘...’ before ‘Colormap’
/usr/include/X11/Xlib.h:2000: error: expected declaration specifiers or ‘...’ before ‘Colormap’
/usr/include/X11/Xlib.h:2044: error: expected declaration specifiers or ‘...’ before ‘Cursor’
/usr/include/X11/Xlib.h:2065: error: expected declaration specifiers or ‘...’ before ‘KeySym’
/usr/include/X11/Xlib.h:2080: error: expected declaration specifiers or ‘...’ before ‘Window’
/usr/include/X11/Xlib.h:2091: error: expected declaration specifiers or ‘...’ before ‘Window’
/usr/include/X11/Xlib.h:2097: error: expected declaration specifiers or ‘...’ before ‘Window’
/usr/include/X11/Xlib.h:2127: error: expected declaration specifiers or ‘...’ before ‘Window’
/usr/include/X11/Xlib.h:2134: error: expected declaration specifiers or ‘...’ before ‘Window’
/usr/include/X11/Xlib.h:2141: error: expected declaration specifiers or ‘...’ before ‘Window’
/usr/include/X11/Xlib.h:2147: error: expected declaration specifiers or ‘...’ before ‘Window’
/usr/include/X11/Xlib.h:2152: error: expected declaration specifiers or ‘...’ before ‘Window’
/usr/include/X11/Xlib.h:2157: error: expected declaration specifiers or ‘...’ before ‘Window’
/usr/include/X11/Xlib.h:2167: error: expected declaration specifiers or ‘...’ before ‘Window’
/usr/include/X11/Xlib.h:2176: error: expected declaration specifiers or ‘...’ before ‘Window’
/usr/include/X11/Xlib.h:2190: error: expected declaration specifiers or ‘...’ before ‘Window’
/usr/include/X11/Xlib.h:2196: error: expected declaration specifiers or ‘...’ before ‘Drawable’
/usr/include/X11/Xlib.h:2197: error: expected declaration specifiers or ‘...’ before ‘Drawable’
/usr/include/X11/Xlib.h:2216: error: expected declaration specifiers or ‘...’ before ‘Drawable’
/usr/include/X11/Xlib.h:2217: error: expected declaration specifiers or ‘...’ before ‘Drawable’
/usr/include/X11/Xlib.h:2243: error: expected declaration specifiers or ‘...’ before ‘Window’
/usr/include/X11/Xlib.h:2244: error: expected declaration specifiers or ‘...’ before ‘Cursor’
/usr/include/X11/Xlib.h:2249: error: expected declaration specifiers or ‘...’ before ‘Window’
/usr/include/X11/Xlib.h:2255: error: expected declaration specifiers or ‘...’ before ‘Window’
/usr/include/X11/Xlib.h:2260: error: expected declaration specifiers or ‘...’ before ‘Window’
/usr/include/X11/Xlib.h:2314: error: expected declaration specifiers or ‘...’ before ‘Drawable’
/usr/include/X11/Xlib.h:2326: error: expected declaration specifiers or ‘...’ before ‘Drawable’
/usr/include/X11/Xlib.h:2334: error: expected declaration specifiers or ‘...’ before ‘Drawable’
/usr/include/X11/Xlib.h:2344: error: expected declaration specifiers or ‘...’ before ‘Drawable’
/usr/include/X11/Xlib.h:2354: error: expected declaration specifiers or ‘...’ before ‘Drawable’
/usr/include/X11/Xlib.h:2364: error: expected declaration specifiers or ‘...’ before ‘Drawable’
/usr/include/X11/Xlib.h:2373: error: expected declaration specifiers or ‘...’ before ‘Drawable’
/usr/include/X11/Xlib.h:2381: error: expected declaration specifiers or ‘...’ before ‘Drawable’
/usr/include/X11/Xlib.h:2390: error: expected declaration specifiers or ‘...’ before ‘Drawable’
/usr/include/X11/Xlib.h:2400: error: expected declaration specifiers or ‘...’ before ‘Drawable’
/usr/include/X11/Xlib.h:2408: error: expected declaration specifiers or ‘...’ before ‘Drawable’
/usr/include/X11/Xlib.h:2416: error: expected declaration specifiers or ‘...’ before ‘Drawable’
/usr/include/X11/Xlib.h:2426: error: expected declaration specifiers or ‘...’ before ‘Drawable’
/usr/include/X11/Xlib.h:2436: error: expected declaration specifiers or ‘...’ before ‘Drawable’
/usr/include/X11/Xlib.h:2446: error: expected declaration specifiers or ‘...’ before ‘Drawable’
/usr/include/X11/Xlib.h:2465: error: expected declaration specifiers or ‘...’ before ‘Window’
/usr/include/X11/Xlib.h:2471: error: expected declaration specifiers or ‘...’ before ‘Drawable’
/usr/include/X11/Xlib.h:2483: error: expected declaration specifiers or ‘...’ before ‘Drawable’
/usr/include/X11/Xlib.h:2491: error: expected declaration specifiers or ‘...’ before ‘Drawable’
/usr/include/X11/Xlib.h:2501: error: expected declaration specifiers or ‘...’ before ‘Drawable’
/usr/include/X11/Xlib.h:2511: error: expected declaration specifiers or ‘...’ before ‘Drawable’
/usr/include/X11/Xlib.h:2532: error: expected declaration specifiers or ‘...’ before ‘Colormap’
/usr/include/X11/Xlib.h:2537: error: expected declaration specifiers or ‘...’ before ‘Colormap’
/usr/include/X11/Xlib.h:2545: error: expected declaration specifiers or ‘...’ before ‘Cursor’
/usr/include/X11/Xlib.h:2582: error: expected declaration specifiers or ‘...’ before ‘Pixmap’
/usr/include/X11/Xlib.h:2632: error: expected declaration specifiers or ‘...’ before ‘Drawable’
/usr/include/X11/Xlib.h:2633: error: expected declaration specifiers or ‘...’ before ‘Window’
/usr/include/X11/Xlib.h:2644: error: expected declaration specifiers or ‘...’ before ‘Window’
/usr/include/X11/Xlib.h:2650: error: expected declaration specifiers or ‘...’ before ‘Window’
/usr/include/X11/Xlib.h:2682: error: expected declaration specifiers or ‘...’ before ‘Window’
/usr/include/X11/Xlib.h:2683: error: expected declaration specifiers or ‘...’ before ‘Window’
/usr/include/X11/Xlib.h:2688: error: expected declaration specifiers or ‘...’ before ‘Window’
/usr/include/X11/Xlib.h:2703: error: expected declaration specifiers or ‘...’ before ‘Window’
/usr/include/X11/Xlib.h:2711: error: expected declaration specifiers or ‘...’ before ‘Window’
/usr/include/X11/Xlib.h:2716: error: expected declaration specifiers or ‘...’ before ‘Window’
/usr/include/X11/Xlib.h:2717: error: expected declaration specifiers or ‘...’ before ‘Cursor’
/usr/include/X11/Xlib.h:2724: error: expected declaration specifiers or ‘...’ before ‘Window’
/usr/include/X11/Xlib.h:2732: error: expected declaration specifiers or ‘...’ before ‘Window’
/usr/include/X11/Xlib.h:2741: error: expected declaration specifiers or ‘...’ before ‘Window’
/usr/include/X11/Xlib.h:2746: error: expected declaration specifiers or ‘...’ before ‘Window’
/usr/include/X11/Xlib.h:2747: error: expected declaration specifiers or ‘...’ before ‘Cursor’
/usr/include/X11/Xlib.h:2780: error: expected declaration specifiers or ‘...’ before ‘Colormap’
/usr/include/X11/Xlib.h:2785: error: expected declaration specifiers or ‘...’ before ‘KeySym’
/usr/include/X11/Xlib.h:2790: error: expected declaration specifiers or ‘...’ before ‘XID’
/usr/include/X11/Xlib.h:2795: error: expected declaration specifiers or ‘...’ before ‘Colormap’
/usr/include/X11/Xlib.h:2803: error: expected declaration specifiers or ‘...’ before ‘Window’
/usr/include/X11/Xlib.h:2808: error: expected declaration specifiers or ‘...’ before ‘Window’
/usr/include/X11/Xlib.h:2813: error: expected declaration specifiers or ‘...’ before ‘Window’
/usr/include/X11/Xlib.h:2818: error: expected declaration specifiers or ‘...’ before ‘Window’
/usr/include/X11/Xlib.h:2837: error: expected declaration specifiers or ‘...’ before ‘Window’
/usr/include/X11/Xlib.h:2846: error: expected declaration specifiers or ‘...’ before ‘Window’
/usr/include/X11/Xlib.h:2862: error: expected declaration specifiers or ‘...’ before ‘Colormap’
/usr/include/X11/Xlib.h:2915: error: expected declaration specifiers or ‘...’ before ‘Drawable’
/usr/include/X11/Xlib.h:2932: error: expected declaration specifiers or ‘...’ before ‘Drawable’
/usr/include/X11/Xlib.h:2942: error: expected declaration specifiers or ‘...’ before ‘Drawable’
/usr/include/X11/Xlib.h:2951: error: expected declaration specifiers or ‘...’ before ‘Drawable’
/usr/include/X11/Xlib.h:2960: error: expected declaration specifiers or ‘...’ before ‘Drawable’
/usr/include/X11/Xlib.h:2969: error: expected declaration specifiers or ‘...’ before ‘Colormap’
/usr/include/X11/Xlib.h:2975: error: expected declaration specifiers or ‘...’ before ‘Colormap’
/usr/include/X11/Xlib.h:2995: error: expected declaration specifiers or ‘...’ before ‘Window’
/usr/include/X11/Xlib.h:2996: error: expected declaration specifiers or ‘...’ before ‘Window’
/usr/include/X11/Xlib.h:2997: error: expected declaration specifiers or ‘...’ before ‘Window’
/usr/include/X11/Xlib.h:3007: error: expected declaration specifiers or ‘...’ before ‘XID’
/usr/include/X11/Xlib.h:3018: error: expected declaration specifiers or ‘...’ before ‘XID’
/usr/include/X11/Xlib.h:3029: error: expected declaration specifiers or ‘...’ before ‘Window’
/usr/include/X11/Xlib.h:3030: error: expected declaration specifiers or ‘...’ before ‘Window’
/usr/include/X11/Xlib.h:3031: error: expected declaration specifiers or ‘...’ before ‘Window’
/usr/include/X11/Xlib.h:3032: error: expected declaration specifiers or ‘...’ before ‘Window’
/usr/include/X11/Xlib.h:3038: error: expected declaration specifiers or ‘...’ before ‘Window’
/usr/include/X11/Xlib.h:3043: error: expected declaration specifiers or ‘...’ before ‘Drawable’
/usr/include/X11/Xlib.h:3047: error: expected declaration specifiers or ‘...’ before ‘Pixmap’
/usr/include/X11/Xlib.h:3063: error: expected declaration specifiers or ‘...’ before ‘KeySym’
/usr/include/X11/Xlib.h:3064: error: expected declaration specifiers or ‘...’ before ‘KeySym’
/usr/include/X11/Xlib.h:3072: error: expected declaration specifiers or ‘...’ before ‘Cursor’
/usr/include/X11/Xlib.h:3083: error: expected declaration specifiers or ‘...’ before ‘Window’
/usr/include/X11/Xlib.h:3099: error: expected declaration specifiers or ‘...’ before ‘Window’
/usr/include/X11/Xlib.h:3100: error: expected declaration specifiers or ‘...’ before ‘Window’
/usr/include/X11/Xlib.h:3111: error: expected declaration specifiers or ‘...’ before ‘Window’
/usr/include/X11/Xlib.h:3118: error: expected declaration specifiers or ‘...’ before ‘Window’
/usr/include/X11/Xlib.h:3129: error: expected declaration specifiers or ‘...’ before ‘Window’
/usr/include/X11/Xlib.h:3141: error: expected declaration specifiers or ‘...’ before ‘Window’
/usr/include/X11/Xlib.h:3147: error: expected declaration specifiers or ‘...’ before ‘Window’
/usr/include/X11/Xlib.h:3173: error: expected declaration specifiers or ‘...’ before ‘Pixmap’
/usr/include/X11/Xlib.h:3200: error: expected declaration specifiers or ‘...’ before ‘Window’
/usr/include/X11/Xlib.h:3228: error: expected declaration specifiers or ‘...’ before ‘Font’
/usr/include/X11/Xlib.h:3257: error: expected declaration specifiers or ‘...’ before ‘Window’
/usr/include/X11/Xlib.h:3263: error: expected declaration specifiers or ‘...’ before ‘Window’
/usr/include/X11/Xlib.h:3305: error: expected declaration specifiers or ‘...’ before ‘Window’
/usr/include/X11/Xlib.h:3321: error: expected declaration specifiers or ‘...’ before ‘Pixmap’
/usr/include/X11/Xlib.h:3340: error: expected declaration specifiers or ‘...’ before ‘Pixmap’
/usr/include/X11/Xlib.h:3345: error: expected declaration specifiers or ‘...’ before ‘Window’
/usr/include/X11/Xlib.h:3351: error: expected declaration specifiers or ‘...’ before ‘Window’
/usr/include/X11/Xlib.h:3352: error: expected declaration specifiers or ‘...’ before ‘Pixmap’
/usr/include/X11/Xlib.h:3357: error: expected declaration specifiers or ‘...’ before ‘Window’
/usr/include/X11/Xlib.h:3363: error: expected declaration specifiers or ‘...’ before ‘Window’
/usr/include/X11/Xlib.h:3364: error: expected declaration specifiers or ‘...’ before ‘Pixmap’
/usr/include/X11/Xlib.h:3369: error: expected declaration specifiers or ‘...’ before ‘Window’
/usr/include/X11/Xlib.h:3375: error: expected declaration specifiers or ‘...’ before ‘Window’
/usr/include/X11/Xlib.h:3376: error: expected declaration specifiers or ‘...’ before ‘Colormap’
/usr/include/X11/Xlib.h:3394: error: expected declaration specifiers or ‘...’ before ‘Colormap’
/usr/include/X11/Xlib.h:3400: error: expected declaration specifiers or ‘...’ before ‘Colormap’
/usr/include/X11/Xlib.h:3407: error: expected declaration specifiers or ‘...’ before ‘Window’
/usr/include/X11/Xlib.h:3413: error: expected declaration specifiers or ‘...’ before ‘Colormap’
/usr/include/X11/Xlib.h:3458: error: expected declaration specifiers or ‘...’ before ‘Window’
/usr/include/X11/Xlib.h:3459: error: expected declaration specifiers or ‘...’ before ‘Window’
/usr/include/X11/Xlib.h:3464: error: expected declaration specifiers or ‘...’ before ‘Window’
/usr/include/X11/Xlib.h:3469: error: expected declaration specifiers or ‘...’ before ‘Window’
/usr/include/X11/Xlib.h:3476: error: expected declaration specifiers or ‘...’ before ‘Window’
/usr/include/X11/Xlib.h:3483: error: expected declaration specifiers or ‘...’ before ‘Window’
/usr/include/X11/Xlib.h:3502: error: expected declaration specifiers or ‘...’ before ‘Colormap’
/usr/include/X11/Xlib.h:3507: error: expected declaration specifiers or ‘...’ before ‘Font’
/usr/include/X11/Xlib.h:3512: error: expected declaration specifiers or ‘...’ before ‘Window’
/usr/include/X11/Xlib.h:3517: error: expected declaration specifiers or ‘...’ before ‘Window’
/usr/include/X11/Xlib.h:3526: error: expected declaration specifiers or ‘...’ before ‘Window’
/usr/include/X11/Xlib.h:3527: error: expected declaration specifiers or ‘...’ before ‘Window’
/usr/include/X11/Xlib.h:3546: error: expected declaration specifiers or ‘...’ before ‘Window’
/usr/include/X11/Xlib.h:3554: error: expected declaration specifiers or ‘...’ before ‘Pixmap’
/usr/include/X11/Xlib.h:3742: error: expected declaration specifiers or ‘...’ before ‘Drawable’
/usr/include/X11/Xlib.h:3752: error: expected declaration specifiers or ‘...’ before ‘Drawable’
/usr/include/X11/Xlib.h:3762: error: expected declaration specifiers or ‘...’ before ‘Drawable’
/usr/include/X11/Xlib.h:3772: error: expected declaration specifiers or ‘...’ before ‘Drawable’
/usr/include/X11/Xlib.h:3783: error: expected declaration specifiers or ‘...’ before ‘Drawable’
/usr/include/X11/Xlib.h:3794: error: expected declaration specifiers or ‘...’ before ‘Drawable’
/usr/include/X11/Xlib.h:3805: error: expected declaration specifiers or ‘...’ before ‘Drawable’
/usr/include/X11/Xlib.h:3816: error: expected declaration specifiers or ‘...’ before ‘Drawable’
/usr/include/X11/Xlib.h:3827: error: expected declaration specifiers or ‘...’ before ‘Drawable’
/usr/include/X11/Xlib.h:3905: error: expected declaration specifiers or ‘...’ before ‘Window’
/usr/include/X11/Xlib.h:3913: error: expected declaration specifiers or ‘...’ before ‘KeySym’
/usr/include/X11/Xlib.h:3922: error: expected declaration specifiers or ‘...’ before ‘KeySym’
/usr/include/X11/Xlib.h:3931: error: expected declaration specifiers or ‘...’ before ‘KeySym’
In file included from plugin.h:8,
                 from panel.c:13:
panel.h:6:21: error: gtk/gtk.h: Нет такого файла или каталога
In file included from plugin.h:8,
                 from panel.c:13:
panel.h:22: error: expected specifier-qualifier-list before ‘GtkWidget’
In file included from panel.c:13:
plugin.h:32: error: expected specifier-qualifier-list before ‘GtkWidget’
In file included from misc.h:7,
                 from panel.c:15:
/usr/include/gtk-2.0/gdk/gdkx.h:30:28: error: gdk/gdkprivate.h: Нет такого файла или каталога
In file included from /usr/include/gtk-2.0/gdk/gdkx.h:33,
                 from misc.h:7,
                 from panel.c:15:
/usr/include/X11/Xutil.h:118: error: expected specifier-qualifier-list before ‘Pixmap’
/usr/include/X11/Xutil.h:315: error: expected specifier-qualifier-list before ‘Colormap’
/usr/include/X11/Xutil.h:393: error: expected declaration specifiers or ‘...’ before ‘XID’
/usr/include/X11/Xutil.h:412: error: expected declaration specifiers or ‘...’ before ‘XID’
/usr/include/X11/Xutil.h:419: error: expected declaration specifiers or ‘...’ before ‘Window’
/usr/include/X11/Xutil.h:425: error: expected declaration specifiers or ‘...’ before ‘Window’
/usr/include/X11/Xutil.h:432: error: expected declaration specifiers or ‘...’ before ‘Window’
/usr/include/X11/Xutil.h:438: error: expected declaration specifiers or ‘...’ before ‘Window’
/usr/include/X11/Xutil.h:446: error: expected declaration specifiers or ‘...’ before ‘Window’
/usr/include/X11/Xutil.h:453: error: expected declaration specifiers or ‘...’ before ‘Window’
/usr/include/X11/Xutil.h:460: error: expected declaration specifiers or ‘...’ before ‘Window’
/usr/include/X11/Xutil.h:474: error: expected declaration specifiers or ‘...’ before ‘Window’
/usr/include/X11/Xutil.h:480: error: expected declaration specifiers or ‘...’ before ‘Window’
/usr/include/X11/Xutil.h:485: error: expected declaration specifiers or ‘...’ before ‘Window’
/usr/include/X11/Xutil.h:491: error: expected declaration specifiers or ‘...’ before ‘Window’
/usr/include/X11/Xutil.h:497: error: expected declaration specifiers or ‘...’ before ‘Window’
/usr/include/X11/Xutil.h:504: error: expected declaration specifiers or ‘...’ before ‘Window’
/usr/include/X11/Xutil.h:512: error: expected declaration specifiers or ‘...’ before ‘Window’
/usr/include/X11/Xutil.h:524: error: expected ‘)’ before ‘*’ token
/usr/include/X11/Xutil.h:532: error: expected declaration specifiers or ‘...’ before ‘KeySym’
/usr/include/X11/Xutil.h:572: error: expected declaration specifiers or ‘...’ before ‘XID’
/usr/include/X11/Xutil.h:579: error: expected declaration specifiers or ‘...’ before ‘Window’
/usr/include/X11/Xutil.h:585: error: expected declaration specifiers or ‘...’ before ‘Window’
/usr/include/X11/Xutil.h:592: error: expected declaration specifiers or ‘...’ before ‘Window’
/usr/include/X11/Xutil.h:598: error: expected declaration specifiers or ‘...’ before ‘Window’
/usr/include/X11/Xutil.h:606: error: expected declaration specifiers or ‘...’ before ‘Window’
/usr/include/X11/Xutil.h:613: error: expected declaration specifiers or ‘...’ before ‘Window’
/usr/include/X11/Xutil.h:616: error: expected declaration specifiers or ‘...’ before ‘Pixmap’
/usr/include/X11/Xutil.h:624: error: expected declaration specifiers or ‘...’ before ‘Window’
/usr/include/X11/Xutil.h:631: error: expected declaration specifiers or ‘...’ before ‘Window’
/usr/include/X11/Xutil.h:637: error: expected declaration specifiers or ‘...’ before ‘Window’
/usr/include/X11/Xutil.h:643: error: expected declaration specifiers or ‘...’ before ‘Window’
/usr/include/X11/Xutil.h:649: error: expected declaration specifiers or ‘...’ before ‘Window’
/usr/include/X11/Xutil.h:655: error: expected declaration specifiers or ‘...’ before ‘Window’
/usr/include/X11/Xutil.h:661: error: expected declaration specifiers or ‘...’ before ‘Window’
/usr/include/X11/Xutil.h:673: error: expected declaration specifiers or ‘...’ before ‘Window’
/usr/include/X11/Xutil.h:685: error: expected declaration specifiers or ‘...’ before ‘Window’
/usr/include/X11/Xutil.h:697: error: expected declaration specifiers or ‘...’ before ‘Window’
/usr/include/X11/Xutil.h:710: error: expected declaration specifiers or ‘...’ before ‘Window’
/usr/include/X11/Xutil.h:717: error: expected declaration specifiers or ‘...’ before ‘Window’
In file included from misc.h:7,
                 from panel.c:15:
/usr/include/gtk-2.0/gdk/gdkx.h:38: error: expected ‘=’, ‘,’, ‘;’, ‘asm’ or ‘__attribute__’ before ‘extern’
/usr/include/gtk-2.0/gdk/gdkx.h:41: error: expected ‘)’ before ‘*’ token
/usr/include/gtk-2.0/gdk/gdkx.h:42: error: expected ‘=’, ‘,’, ‘;’, ‘asm’ or ‘__attribute__’ before ‘gdk_x11_drawable_get_xid’
/usr/include/gtk-2.0/gdk/gdkx.h:43: error: expected ‘=’, ‘,’, ‘;’, ‘asm’ or ‘__attribute__’ before ‘*’ token
/usr/include/gtk-2.0/gdk/gdkx.h:44: error: expected ‘=’, ‘,’, ‘;’, ‘asm’ or ‘__attribute__’ before ‘*’ token
/usr/include/gtk-2.0/gdk/gdkx.h:45: error: expected ‘)’ before ‘*’ token
/usr/include/gtk-2.0/gdk/gdkx.h:46: error: expected ‘)’ before ‘*’ token
/usr/include/gtk-2.0/gdk/gdkx.h:47: error: expected ‘)’ before ‘*’ token
/usr/include/gtk-2.0/gdk/gdkx.h:48: error: expected ‘=’, ‘,’, ‘;’, ‘asm’ or ‘__attribute__’ before ‘gdk_x11_colormap_get_xcolormap’
/usr/include/gtk-2.0/gdk/gdkx.h:49: error: expected ‘)’ before ‘*’ token
/usr/include/gtk-2.0/gdk/gdkx.h:50: error: expected ‘=’, ‘,’, ‘;’, ‘asm’ or ‘__attribute__’ before ‘gdk_x11_cursor_get_xcursor’
/usr/include/gtk-2.0/gdk/gdkx.h:51: error: expected ‘)’ before ‘*’ token
/usr/include/gtk-2.0/gdk/gdkx.h:52: error: expected ‘)’ before ‘*’ token
/usr/include/gtk-2.0/gdk/gdkx.h:53: error: expected ‘)’ before ‘*’ token
/usr/include/gtk-2.0/gdk/gdkx.h:54: error: expected ‘)’ before ‘*’ token
/usr/include/gtk-2.0/gdk/gdkx.h:55: error: expected ‘)’ before ‘*’ token
/usr/include/gtk-2.0/gdk/gdkx.h:56: error: expected ‘)’ before ‘*’ token
/usr/include/gtk-2.0/gdk/gdkx.h:57: error: expected ‘)’ before ‘*’ token
/usr/include/gtk-2.0/gdk/gdkx.h:59: error: expected ‘)’ before ‘*’ token
/usr/include/gtk-2.0/gdk/gdkx.h:61: error: expected ‘)’ before ‘*’ token
/usr/include/gtk-2.0/gdk/gdkx.h:64: error: expected ‘=’, ‘,’, ‘;’, ‘asm’ or ‘__attribute__’ before ‘gdk_x11_get_default_root_xwindow’
/usr/include/gtk-2.0/gdk/gdkx.h:66: error: expected ‘=’, ‘,’, ‘;’, ‘asm’ or ‘__attribute__’ before ‘gdk_x11_get_default_screen’
/usr/include/gtk-2.0/gdk/gdkx.h:126: error: expected ‘=’, ‘,’, ‘;’, ‘asm’ or ‘__attribute__’ before ‘*’ token
/usr/include/gtk-2.0/gdk/gdkx.h:129: error: expected ‘=’, ‘,’, ‘;’, ‘asm’ or ‘__attribute__’ before ‘*’ token
/usr/include/gtk-2.0/gdk/gdkx.h:137: error: expected ‘=’, ‘,’, ‘;’, ‘asm’ or ‘__attribute__’ before ‘*’ token
/usr/include/gtk-2.0/gdk/gdkx.h:141: error: expected ‘=’, ‘,’, ‘;’, ‘asm’ or ‘__attribute__’ before ‘gdk_xid_table_lookup_for_display’
/usr/include/gtk-2.0/gdk/gdkx.h:143: error: expected ‘=’, ‘,’, ‘;’, ‘asm’ or ‘__attribute__’ before ‘gdk_x11_get_server_time’
/usr/include/gtk-2.0/gdk/gdkx.h:144: error: expected ‘=’, ‘,’, ‘;’, ‘asm’ or ‘__attribute__’ before ‘gdk_x11_display_get_user_time’
/usr/include/gtk-2.0/gdk/gdkx.h:146: error: expected ‘=’, ‘,’, ‘;’, ‘asm’ or ‘__attribute__’ before ‘gchar’
/usr/include/gtk-2.0/gdk/gdkx.h:148: error: expected ‘)’ before ‘*’ token
/usr/include/gtk-2.0/gdk/gdkx.h:152: error: expected ‘)’ before ‘*’ token
/usr/include/gtk-2.0/gdk/gdkx.h:157: error: expected ‘=’, ‘,’, ‘;’, ‘asm’ or ‘__attribute__’ before ‘gdk_x11_screen_supports_net_wm_hint’
/usr/include/gtk-2.0/gdk/gdkx.h:160: error: expected ‘=’, ‘,’, ‘;’, ‘asm’ or ‘__attribute__’ before ‘gdk_x11_screen_get_monitor_output’
/usr/include/gtk-2.0/gdk/gdkx.h:164: error: expected ‘=’, ‘,’, ‘;’, ‘asm’ or ‘__attribute__’ before ‘gdk_xid_table_lookup’
/usr/include/gtk-2.0/gdk/gdkx.h:165: error: expected ‘=’, ‘,’, ‘;’, ‘asm’ or ‘__attribute__’ before ‘gdk_net_wm_supports’
/usr/include/gtk-2.0/gdk/gdkx.h:170: error: expected ‘=’, ‘,’, ‘;’, ‘asm’ or ‘__attribute__’ before ‘*’ token
/usr/include/gtk-2.0/gdk/gdkx.h:174: error: expected ‘)’ before ‘*’ token
/usr/include/gtk-2.0/gdk/gdkx.h:176: error: expected ‘=’, ‘,’, ‘;’, ‘asm’ or ‘__attribute__’ before ‘gdk_x11_xatom_to_atom_for_display’
/usr/include/gtk-2.0/gdk/gdkx.h:178: error: expected ‘)’ before ‘*’ token
/usr/include/gtk-2.0/gdk/gdkx.h:180: error: expected ‘=’, ‘,’, ‘;’, ‘asm’ or ‘__attribute__’ before ‘gchar’
/usr/include/gtk-2.0/gdk/gdkx.h:183: error: expected ‘)’ before ‘atom’
/usr/include/gtk-2.0/gdk/gdkx.h:184: error: expected ‘=’, ‘,’, ‘;’, ‘asm’ or ‘__attribute__’ before ‘gdk_x11_xatom_to_atom’
/usr/include/gtk-2.0/gdk/gdkx.h:185: error: expected ‘;’, ‘,’ or ‘)’ before ‘*’ token
/usr/include/gtk-2.0/gdk/gdkx.h:186: error: expected ‘=’, ‘,’, ‘;’, ‘asm’ or ‘__attribute__’ before ‘gchar’
/usr/include/gtk-2.0/gdk/gdkx.h:189: error: expected ‘)’ before ‘*’ token
/usr/include/gtk-2.0/gdk/gdkx.h:190: error: expected ‘)’ before ‘*’ token
/usr/include/gtk-2.0/gdk/gdkx.h:191: error: expected ‘)’ before ‘*’ token
/usr/include/gtk-2.0/gdk/gdkx.h:197: error: expected ‘=’, ‘,’, ‘;’, ‘asm’ or ‘__attribute__’ before ‘gdk_x11_font_get_xfont’
In file included from misc.h:7,
                 from panel.c:15:
/usr/include/gtk-2.0/gdk/gdkx.h:206: error: expected ‘)’ before ‘*’ token
/usr/include/gtk-2.0/gdk/gdkx.h:207: error: expected ‘=’, ‘,’, ‘;’, ‘asm’ or ‘__attribute__’ before ‘char’
In file included from panel.c:15:
misc.h:12: error: expected ‘=’, ‘,’, ‘;’, ‘asm’ or ‘__attribute__’ before ‘enum’
misc.h:16: error: expected specifier-qualifier-list before ‘gchar’
misc.h:23: error: expected specifier-qualifier-list before ‘gchar’
misc.h:32: error: expected declaration specifiers or ‘...’ before ‘gchar’
misc.h:33: error: expected ‘=’, ‘,’, ‘;’, ‘asm’ or ‘__attribute__’ before ‘*’ token
misc.h:37: error: expected ‘)’ before ‘win’
misc.h:38: error: expected ‘)’ before ‘win’
misc.h:39: error: expected ‘)’ before ‘win’
misc.h:41: error: expected ‘=’, ‘,’, ‘;’, ‘asm’ or ‘__attribute__’ before ‘Select_Window’
misc.h:44: error: expected ‘)’ before ‘win’
misc.h:45: error: expected ‘)’ before ‘win’
misc.h:46: error: expected ‘)’ before ‘win’
misc.h:47: error: expected ‘)’ before ‘win’
misc.h:50: error: expected ‘=’, ‘,’, ‘;’, ‘asm’ or ‘__attribute__’ before ‘*’ token
panel.c:17: error: expected ‘=’, ‘,’, ‘;’, ‘asm’ or ‘__attribute__’ before ‘*’ token
panel.c:18: error: expected ‘=’, ‘,’, ‘;’, ‘asm’ or ‘__attribute__’ before ‘version’
panel.c:19: error: expected ‘=’, ‘,’, ‘;’, ‘asm’ or ‘__attribute__’ before ‘*’ token
panel.c: In function ‘print_wmdata’:
panel.c:42: error: ‘panel’ has no member named ‘wa_len’
panel.c: At top level:
panel.c:53: error: expected ‘=’, ‘,’, ‘;’, ‘asm’ or ‘__attribute__’ before ‘panel_wm_events’
panel.c:92: error: expected ‘=’, ‘,’, ‘;’, ‘asm’ or ‘__attribute__’ before ‘panel_delete_event’
panel.c:99: error: expected ‘=’, ‘,’, ‘;’, ‘asm’ or ‘__attribute__’ before ‘panel_destroy_event’
panel.c:112: error: expected ‘=’, ‘,’, ‘;’, ‘asm’ or ‘__attribute__’ before ‘panel_size_req’
panel.c:128: error: expected ‘=’, ‘,’, ‘;’, ‘asm’ or ‘__attribute__’ before ‘panel_size_alloc’
panel.c: In function ‘panel_start_gui’:
panel.c:157: error: ‘panel’ has no member named ‘topgwin’
panel.c:157: warning: implicit declaration of function ‘gtk_window_new’
panel.c:157: error: ‘GTK_WINDOW_TOPLEVEL’ undeclared (first use in this function)
panel.c:157: error: (Each undeclared identifier is reported only once
panel.c:157: error: for each function it appears in.)
panel.c:158: warning: implicit declaration of function ‘gtk_container_set_border_width’
panel.c:158: warning: implicit declaration of function ‘GTK_CONTAINER’
panel.c:158: error: ‘panel’ has no member named ‘topgwin’
panel.c:159: warning: implicit declaration of function ‘gtk_window_set_policy’
panel.c:159: warning: implicit declaration of function ‘GTK_WINDOW’
panel.c:159: error: ‘panel’ has no member named ‘topgwin’
panel.c:159: error: ‘FALSE’ undeclared (first use in this function)
panel.c:160: warning: implicit declaration of function ‘gtk_window_set_wmclass’
panel.c:160: error: ‘panel’ has no member named ‘topgwin’
panel.c:161: warning: implicit declaration of function ‘gtk_window_set_title’
panel.c:161: error: ‘panel’ has no member named ‘topgwin’
panel.c:162: warning: implicit declaration of function ‘gtk_signal_connect’
panel.c:162: warning: implicit declaration of function ‘GTK_OBJECT’
panel.c:162: error: ‘panel’ has no member named ‘topgwin’
panel.c:163: warning: implicit declaration of function ‘GTK_SIGNAL_FUNC’
panel.c:163: error: ‘panel_delete_event’ undeclared (first use in this function)
panel.c:164: error: ‘panel’ has no member named ‘topgwin’
panel.c:165: error: ‘panel_destroy_event’ undeclared (first use in this function)
panel.c:166: error: ‘panel’ has no member named ‘topgwin’
panel.c:167: error: ‘GtkSignalFunc’ undeclared (first use in this function)
panel.c:167: error: expected ‘)’ before ‘panel_size_req’
panel.c:168: error: ‘panel’ has no member named ‘topgwin’
panel.c:169: error: expected ‘)’ before ‘panel_size_alloc’
panel.c:171: warning: implicit declaration of function ‘gtk_widget_realize’
panel.c:171: error: ‘panel’ has no member named ‘topgwin’
panel.c:172: warning: implicit declaration of function ‘gdk_window_set_decorations’
panel.c:172: error: ‘panel’ has no member named ‘topgwin’
panel.c:175: error: ‘panel’ has no member named ‘box’
panel.c:175: error: ‘panel’ has no member named ‘my_box_new’
panel.c:181: warning: implicit declaration of function ‘gtk_container_add’
panel.c:181: error: ‘panel’ has no member named ‘topgwin’
panel.c:181: error: ‘panel’ has no member named ‘box’
panel.c:183: error: ‘panel’ has no member named ‘topxwin’
panel.c:183: warning: implicit declaration of function ‘gdk_x11_drawable_get_xid’
panel.c:183: warning: implicit declaration of function ‘GTK_WIDGET’
panel.c:183: error: ‘panel’ has no member named ‘topgwin’
panel.c:188: error: ‘gdk_display’ undeclared (first use in this function)
panel.c:188: error: ‘panel’ has no member named ‘topxwin’
panel.c:188: error: too many arguments to function ‘XSetWMHints’
panel.c:189: error: ‘panel’ has no member named ‘setdocktype’
panel.c:191: error: ‘panel’ has no member named ‘topxwin’
panel.c:192: warning: passing argument 7 of ‘XChangeProperty’ makes integer from pointer without a cast
/usr/include/X11/Xlib.h:2078: note: expected ‘int’ but argument is of type ‘unsigned char *’
panel.c:192: error: too many arguments to function ‘XChangeProperty’
panel.c:199: error: ‘panel’ has no member named ‘topxwin’
panel.c:201: warning: passing argument 7 of ‘XChangeProperty’ makes integer from pointer without a cast
/usr/include/X11/Xlib.h:2078: note: expected ‘int’ but argument is of type ‘unsigned char *’
panel.c:201: error: too many arguments to function ‘XChangeProperty’
panel.c:203: warning: implicit declaration of function ‘Xclimsg’
panel.c:203: error: ‘panel’ has no member named ‘topxwin’
panel.c:207: warning: implicit declaration of function ‘gtk_widget_show_all’
panel.c:207: error: ‘panel’ has no member named ‘topgwin’
panel.c:208: error: ‘panel’ has no member named ‘topxwin’
panel.c:213: error: ‘panel’ has no member named ‘topxwin’
panel.c:214: warning: passing argument 7 of ‘XChangeProperty’ makes integer from pointer without a cast
/usr/include/X11/Xlib.h:2078: note: expected ‘int’ but argument is of type ‘unsigned char *’
panel.c:214: error: too many arguments to function ‘XChangeProperty’
panel.c:218: warning: implicit declaration of function ‘gdk_x11_get_default_root_xwindow’
panel.c:218: error: too many arguments to function ‘XSelectInput’
panel.c:223: warning: implicit declaration of function ‘gdk_window_add_filter’
panel.c:223: warning: implicit declaration of function ‘GDK_ROOT_PARENT’
panel.c:223: error: ‘GdkFilterFunc’ undeclared (first use in this function)
panel.c:223: error: expected ‘)’ before ‘panel_wm_events’
panel.c:226: warning: implicit declaration of function ‘gdk_window_move_resize’
panel.c:226: error: ‘panel’ has no member named ‘topgwin’
panel.c:226: error: ‘panel’ has no member named ‘ax’
panel.c:226: error: ‘panel’ has no member named ‘ay’
panel.c:226: error: ‘panel’ has no member named ‘aw’
panel.c:226: error: ‘panel’ has no member named ‘ah’
panel.c: In function ‘panel_parse_global’:
panel.c:239: warning: implicit declaration of function ‘g_strcasecmp’
panel.c:239: error: ‘line’ has no member named ‘t’
panel.c:240: error: ‘panel’ has no member named ‘edge’
panel.c:240: error: ‘line’ has no member named ‘t’
panel.c:240: error: too many arguments to function ‘str2num’
panel.c:241: error: ‘line’ has no member named ‘t’
panel.c:242: error: ‘panel’ has no member named ‘allign’
panel.c:242: error: ‘line’ has no member named ‘t’
panel.c:242: error: too many arguments to function ‘str2num’
panel.c:243: error: ‘line’ has no member named ‘t’
panel.c:244: error: ‘panel’ has no member named ‘margin’
panel.c:244: error: ‘line’ has no member named ‘t’
panel.c:245: error: ‘line’ has no member named ‘t’
panel.c:246: error: ‘panel’ has no member named ‘widthtype’
panel.c:246: error: ‘line’ has no member named ‘t’
panel.c:246: error: too many arguments to function ‘str2num’
panel.c:247: error: ‘line’ has no member named ‘t’
panel.c:248: error: ‘panel’ has no member named ‘width’
panel.c:248: error: ‘line’ has no member named ‘t’
panel.c:249: error: ‘line’ has no member named ‘t’
panel.c:250: error: ‘panel’ has no member named ‘heighttype’
panel.c:250: error: ‘line’ has no member named ‘t’
panel.c:250: error: too many arguments to function ‘str2num’
panel.c:251: error: ‘line’ has no member named ‘t’
panel.c:252: error: ‘panel’ has no member named ‘height’
panel.c:252: error: ‘line’ has no member named ‘t’
panel.c:253: error: ‘line’ has no member named ‘t’
panel.c:254: error: ‘panel’ has no member named ‘setdocktype’
panel.c:254: error: ‘line’ has no member named ‘t’
panel.c:254: error: too many arguments to function ‘str2num’
panel.c:256: error: ‘line’ has no member named ‘t’
panel.c:262: error: ‘line’ has no member named ‘str’
panel.c:266: error: ‘panel’ has no member named ‘orientation’
panel.c:266: error: ‘panel’ has no member named ‘edge’
panel.c:266: error: ‘panel’ has no member named ‘edge’
panel.c:268: error: ‘panel’ has no member named ‘orientation’
panel.c:269: error: ‘panel’ has no member named ‘my_box_new’
panel.c:269: error: ‘gtk_hbox_new’ undeclared (first use in this function)
panel.c:270: error: ‘panel’ has no member named ‘my_separator_new’
panel.c:270: error: ‘gtk_vseparator_new’ undeclared (first use in this function)
panel.c:272: error: ‘panel’ has no member named ‘my_box_new’
panel.c:272: error: ‘gtk_vbox_new’ undeclared (first use in this function)
panel.c:273: error: ‘panel’ has no member named ‘my_separator_new’
panel.c:273: error: ‘gtk_hseparator_new’ undeclared (first use in this function)
panel.c:275: error: ‘panel’ has no member named ‘width’
panel.c:276: error: ‘panel’ has no member named ‘width’
panel.c:277: error: ‘panel’ has no member named ‘widthtype’
panel.c:277: error: ‘panel’ has no member named ‘width’
panel.c:278: error: ‘panel’ has no member named ‘width’
panel.c:279: error: ‘panel’ has no member named ‘heighttype’
panel.c:280: error: ‘panel’ has no member named ‘heighttype’
panel.c:281: error: ‘panel’ has no member named ‘height’
panel.c:282: error: ‘panel’ has no member named ‘height’
panel.c:283: error: ‘panel’ has no member named ‘height’
panel.c:284: error: ‘panel’ has no member named ‘height’
panel.c:286: error: ‘panel’ has no member named ‘curdesk’
panel.c:287: error: ‘panel’ has no member named ‘desknum’
panel.c:288: error: ‘panel’ has no member named ‘workarea’
panel.c:288: warning: implicit declaration of function ‘get_xaproperty’
panel.c:288: error: ‘panel’ has no member named ‘wa_len’
panel.c: In function ‘panel_parse_plugin’:
panel.c:298: error: ‘gchar’ undeclared (first use in this function)
panel.c:298: error: ‘type’ undeclared (first use in this function)
panel.c:314: error: ‘line’ has no member named ‘t’
panel.c:315: warning: implicit declaration of function ‘g_strdup’
panel.c:315: error: ‘line’ has no member named ‘t’
panel.c:316: error: ‘line’ has no member named ‘t’
panel.c:317: error: ‘line’ has no member named ‘t’
panel.c:317: error: too many arguments to function ‘str2num’
panel.c:318: error: ‘line’ has no member named ‘t’
panel.c:319: error: ‘line’ has no member named ‘t’
panel.c:321: error: ‘line’ has no member named ‘t’
panel.c:325: error: ‘line’ has no member named ‘t’
panel.c:337: error: ‘line’ has no member named ‘str’
panel.c:340: error: ‘line’ has no member named ‘t’
panel.c:344: error: ‘line’ has no member named ‘str’
panel.c:355: error: ‘plugin’ has no member named ‘expand’
panel.c:356: error: ‘plugin’ has no member named ‘padding’
panel.c:363: error: ‘panel’ has no member named ‘plugins’
panel.c:363: warning: implicit declaration of function ‘g_list_append’
panel.c:363: error: ‘panel’ has no member named ‘plugins’
panel.c:368: warning: implicit declaration of function ‘g_free’
panel.c: In function ‘panel_start’:
panel.c:385: error: ‘panel’ has no member named ‘allign’
panel.c:386: error: ‘panel’ has no member named ‘edge’
panel.c:387: error: ‘panel’ has no member named ‘widthtype’
panel.c:388: error: ‘panel’ has no member named ‘width’
panel.c:389: error: ‘panel’ has no member named ‘heighttype’
panel.c:390: error: ‘panel’ has no member named ‘height’
panel.c:391: error: ‘panel’ has no member named ‘setdocktype’
panel.c:392: error: ‘line’ has no member named ‘t’
panel.c:402: error: ‘line’ has no member named ‘t’
panel.c:409: error: ‘panel’ has no member named ‘topgwin’
panel.c: At top level:
panel.c:415: error: expected ‘)’ before ‘data’
panel.c: In function ‘panel_stop’:
panel.c:428: warning: implicit declaration of function ‘g_list_foreach’
panel.c:428: error: ‘panel’ has no member named ‘plugins’
panel.c:428: error: ‘delete_plugin’ undeclared (first use in this function)
panel.c:429: warning: implicit declaration of function ‘g_list_free’
panel.c:429: error: ‘panel’ has no member named ‘plugins’
panel.c:430: error: ‘panel’ has no member named ‘plugins’
panel.c:431: error: ‘gdk_display’ undeclared (first use in this function)
panel.c:431: error: too many arguments to function ‘XSelectInput’
panel.c:432: warning: implicit declaration of function ‘gdk_window_remove_filter’
panel.c:432: error: ‘GdkFilterFunc’ undeclared (first use in this function)
panel.c:432: error: expected ‘)’ before ‘panel_wm_events’
panel.c:433: warning: implicit declaration of function ‘gtk_widget_destroy’
panel.c:433: error: ‘panel’ has no member named ‘topgwin’
panel.c:434: error: ‘panel’ has no member named ‘workarea’
panel.c: In function ‘usage’:
panel.c:443: error: ‘version’ undeclared (first use in this function)
panel.c: At top level:
panel.c:451: error: expected ‘)’ before ‘*’ token
panel.c: In function ‘handle_error’:
panel.c:497: error: ‘gdk_display’ undeclared (first use in this function)
panel.c:497: error: ‘XErrorEvent’ has no member named ‘error_code’
panel.c: In function ‘sig_usr’:
panel.c:507: warning: implicit declaration of function ‘gtk_main_quit’
panel.c: In function ‘main’:
panel.c:518: warning: implicit declaration of function ‘gtk_set_locale’
panel.c:519: warning: implicit declaration of function ‘gtk_init’
panel.c:528: error: ‘version’ undeclared (first use in this function)
panel.c:537: error: ‘cprofile’ undeclared (first use in this function)
panel.c:547: warning: implicit declaration of function ‘open_profile’
panel.c:549: warning: implicit declaration of function ‘g_new0’
panel.c:549: error: expected expression before ‘panel’
panel.c:550: warning: implicit declaration of function ‘g_return_val_if_fail’
panel.c:556: warning: implicit declaration of function ‘gtk_main’
make: *** [panel.o] Ошибка 1
