In file included from ../gtk/gtkwidget.h:36:0,
                 from gtkprivate.h:32,
                 from gtksearchenginesimple.c:38:
/usr/include/atk-1.0/atk/atkobject.h:573:1: warning: return type defaults to ‘int’ [-Wreturn-type]
/usr/include/atk-1.0/atk/atkobject.h: In function ‘G_DEPRECATED_FOR’:
/usr/include/atk-1.0/atk/atkobject.h:575:1: error: expected declaration specifiers before ‘G_DEPRECATED_FOR’
In file included from gtkprivate.h:32:0,
                 from gtksearchenginesimple.c:38:
../gtk/gtkwidget.h:78:3: error: storage class specified for parameter ‘GtkWidgetFlags’
../gtk/gtkwidget.h:85:3: error: storage class specified for parameter ‘GtkWidgetHelpType’
../gtk/gtkwidget.h:136:35: error: storage class specified for parameter ‘GtkRequisition’
../gtk/gtkwidget.h:137:26: error: storage class specified for parameter ‘GtkAllocation’
../gtk/gtkwidget.h:138:36: error: storage class specified for parameter ‘GtkSelectionData’
../gtk/gtkwidget.h:139:35: error: storage class specified for parameter ‘GtkWidgetClass’
../gtk/gtkwidget.h:140:36: error: storage class specified for parameter ‘GtkWidgetAuxInfo’
../gtk/gtkwidget.h:141:36: error: storage class specified for parameter ‘GtkWidgetShapeInfo’
../gtk/gtkwidget.h:142:33: error: storage class specified for parameter ‘GtkClipboard’
../gtk/gtkwidget.h:143:36: error: storage class specified for parameter ‘GtkTooltip’
../gtk/gtkwidget.h:144:36: error: storage class specified for parameter ‘GtkWindow’
../gtk/gtkwidget.h:145:20: error: storage class specified for parameter ‘GtkCallback’
../gtk/gtkwidget.h:151:1: warning: empty declaration [enabled by default]
../gtk/gtkwidget.h:211:3: error: expected specifier-qualifier-list before ‘GtkRequisition’
../gtk/gtkwidget.h:162:1: warning: empty declaration [enabled by default]
../gtk/gtkwidget.h:261:5: error: expected declaration specifiers or ‘...’ before ‘GtkRequisition’
../gtk/gtkwidget.h:263:5: error: expected declaration specifiers or ‘...’ before ‘GtkAllocation’
../gtk/gtkwidget.h:346:9: error: expected declaration specifiers or ‘...’ before ‘GtkSelectionData’
../gtk/gtkwidget.h:350:9: error: expected declaration specifiers or ‘...’ before ‘GtkSelectionData’
../gtk/gtkwidget.h:360:9: error: expected declaration specifiers or ‘...’ before ‘GtkSelectionData’
../gtk/gtkwidget.h:384:9: error: expected declaration specifiers or ‘...’ before ‘GtkSelectionData’
../gtk/gtkwidget.h:397:37: error: expected declaration specifiers or ‘...’ before ‘GtkWidgetHelpType’
../gtk/gtkwidget.h:418:12: error: expected declaration specifiers or ‘...’ before ‘GtkTooltip’
../gtk/gtkwidget.h:228:1: warning: empty declaration [enabled by default]
../gtk/gtkwidget.h:426:1: warning: empty declaration [enabled by default]
../gtk/gtkwidget.h:436:1: warning: empty declaration [enabled by default]
../gtk/gtkwidget.h:495:9: error: expected declaration specifiers or ‘...’ before ‘GtkRequisition’
../gtk/gtkwidget.h:497:9: error: expected declaration specifiers or ‘...’ before ‘GtkAllocation’
../gtk/gtkwidget.h:499:11: error: expected declaration specifiers or ‘...’ before ‘GtkRequisition’
../gtk/gtkwidget.h:611:1: error: expected declaration specifiers before ‘GtkClipboard’
../gtk/gtkwidget.h:716:54: error: expected declaration specifiers or ‘...’ before ‘GtkWidgetClass’
../gtk/gtkwidget.h:718:54: error: expected declaration specifiers or ‘...’ before ‘GtkWidgetClass’
../gtk/gtkwidget.h:721:54: error: expected declaration specifiers or ‘...’ before ‘GtkWidgetClass’
../gtk/gtkwidget.h:723:54: error: expected declaration specifiers or ‘...’ before ‘GtkWidgetClass’
../gtk/gtkwidget.h:791:57: error: expected declaration specifiers or ‘...’ before ‘GtkWindow’
../gtk/gtkwidget.h:792:1: error: expected declaration specifiers before ‘GtkWindow’
../gtk/gtkwidget.h:805:1: error: expected declaration specifiers before ‘GtkRequisition’
../gtk/gtkwidget.h:806:43: error: expected declaration specifiers or ‘...’ before ‘GtkRequisition’
../gtk/gtkwidget.h:816:1: error: expected declaration specifiers before ‘GtkWidgetAuxInfo’
In file included from gtksearchenginesimple.c:38:0:
gtkprivate.h:53:3: error: storage class specified for parameter ‘GtkPrivateFlags’
In file included from gtksearchenginesimple.c:40:0:
/toolchain/i486-TSOL-linux-gnu/sysroot/usr/include/string.h:44:14: error: storage class specified for parameter ‘memcpy’
/toolchain/i486-TSOL-linux-gnu/sysroot/usr/include/string.h:49:14: error: storage class specified for parameter ‘memmove’
/toolchain/i486-TSOL-linux-gnu/sysroot/usr/include/string.h:57:14: error: storage class specified for parameter ‘memccpy’
/toolchain/i486-TSOL-linux-gnu/sysroot/usr/include/string.h:65:14: error: storage class specified for parameter ‘memset’
/toolchain/i486-TSOL-linux-gnu/sysroot/usr/include/string.h:68:12: error: storage class specified for parameter ‘memcmp’
/toolchain/i486-TSOL-linux-gnu/sysroot/usr/include/string.h:95:14: error: storage class specified for parameter ‘memchr’
/toolchain/i486-TSOL-linux-gnu/sysroot/usr/include/string.h:109:14: error: storage class specified for parameter ‘rawmemchr’
/toolchain/i486-TSOL-linux-gnu/sysroot/usr/include/string.h:120:14: error: storage class specified for parameter ‘memrchr’
/toolchain/i486-TSOL-linux-gnu/sysroot/usr/include/string.h:128:14: error: storage class specified for parameter ‘strcpy’
/toolchain/i486-TSOL-linux-gnu/sysroot/usr/include/string.h:131:14: error: storage class specified for parameter ‘strncpy’
/toolchain/i486-TSOL-linux-gnu/sysroot/usr/include/string.h:136:14: error: storage class specified for parameter ‘strcat’
/toolchain/i486-TSOL-linux-gnu/sysroot/usr/include/string.h:139:14: error: storage class specified for parameter ‘strncat’
/toolchain/i486-TSOL-linux-gnu/sysroot/usr/include/string.h:143:12: error: storage class specified for parameter ‘strcmp’
/toolchain/i486-TSOL-linux-gnu/sysroot/usr/include/string.h:146:12: error: storage class specified for parameter ‘strncmp’
/toolchain/i486-TSOL-linux-gnu/sysroot/usr/include/string.h:150:12: error: storage class specified for parameter ‘strcoll’
/toolchain/i486-TSOL-linux-gnu/sysroot/usr/include/string.h:153:15: error: storage class specified for parameter ‘strxfrm’
/toolchain/i486-TSOL-linux-gnu/sysroot/usr/include/string.h:165:12: error: storage class specified for parameter ‘strcoll_l’
/toolchain/i486-TSOL-linux-gnu/sysroot/usr/include/string.h:168:15: error: storage class specified for parameter ‘strxfrm_l’
/toolchain/i486-TSOL-linux-gnu/sysroot/usr/include/string.h:175:14: error: storage class specified for parameter ‘strdup’
/toolchain/i486-TSOL-linux-gnu/sysroot/usr/include/string.h:183:14: error: storage class specified for parameter ‘strndup’
/toolchain/i486-TSOL-linux-gnu/sysroot/usr/include/string.h:235:14: error: storage class specified for parameter ‘strchr’
/toolchain/i486-TSOL-linux-gnu/sysroot/usr/include/string.h:262:14: error: storage class specified for parameter ‘strrchr’
/toolchain/i486-TSOL-linux-gnu/sysroot/usr/include/string.h:276:14: error: storage class specified for parameter ‘strchrnul’
/toolchain/i486-TSOL-linux-gnu/sysroot/usr/include/string.h:284:15: error: storage class specified for parameter ‘strcspn’
/toolchain/i486-TSOL-linux-gnu/sysroot/usr/include/string.h:288:15: error: storage class specified for parameter ‘strspn’
/toolchain/i486-TSOL-linux-gnu/sysroot/usr/include/string.h:314:14: error: storage class specified for parameter ‘strpbrk’
/toolchain/i486-TSOL-linux-gnu/sysroot/usr/include/string.h:342:14: error: storage class specified for parameter ‘strstr’
/toolchain/i486-TSOL-linux-gnu/sysroot/usr/include/string.h:348:14: error: storage class specified for parameter ‘strtok’
/toolchain/i486-TSOL-linux-gnu/sysroot/usr/include/string.h:354:14: error: storage class specified for parameter ‘__strtok_r’
/toolchain/i486-TSOL-linux-gnu/sysroot/usr/include/string.h:359:14: error: storage class specified for parameter ‘strtok_r’
/toolchain/i486-TSOL-linux-gnu/sysroot/usr/include/string.h:373:14: error: storage class specified for parameter ‘strcasestr’
/toolchain/i486-TSOL-linux-gnu/sysroot/usr/include/string.h:382:14: error: storage class specified for parameter ‘memmem’
/toolchain/i486-TSOL-linux-gnu/sysroot/usr/include/string.h:388:14: error: storage class specified for parameter ‘__mempcpy’
/toolchain/i486-TSOL-linux-gnu/sysroot/usr/include/string.h:391:14: error: storage class specified for parameter ‘mempcpy’
/toolchain/i486-TSOL-linux-gnu/sysroot/usr/include/string.h:399:15: error: storage class specified for parameter ‘strlen’
/toolchain/i486-TSOL-linux-gnu/sysroot/usr/include/string.h:406:15: error: storage class specified for parameter ‘strnlen’
/toolchain/i486-TSOL-linux-gnu/sysroot/usr/include/string.h:413:14: error: storage class specified for parameter ‘strerror’
/toolchain/i486-TSOL-linux-gnu/sysroot/usr/include/string.h:438:14: error: storage class specified for parameter ‘strerror_r’
/toolchain/i486-TSOL-linux-gnu/sysroot/usr/include/string.h:445:14: error: storage class specified for parameter ‘strerror_l’
/toolchain/i486-TSOL-linux-gnu/sysroot/usr/include/string.h:451:13: error: storage class specified for parameter ‘__bzero’
/toolchain/i486-TSOL-linux-gnu/sysroot/usr/include/string.h:455:13: error: storage class specified for parameter ‘bcopy’
/toolchain/i486-TSOL-linux-gnu/sysroot/usr/include/string.h:459:13: error: storage class specified for parameter ‘bzero’
/toolchain/i486-TSOL-linux-gnu/sysroot/usr/include/string.h:462:12: error: storage class specified for parameter ‘bcmp’
/toolchain/i486-TSOL-linux-gnu/sysroot/usr/include/string.h:489:14: error: storage class specified for parameter ‘index’
/toolchain/i486-TSOL-linux-gnu/sysroot/usr/include/string.h:517:14: error: storage class specified for parameter ‘rindex’
/toolchain/i486-TSOL-linux-gnu/sysroot/usr/include/string.h:523:12: error: storage class specified for parameter ‘ffs’
/toolchain/i486-TSOL-linux-gnu/sysroot/usr/include/string.h:528:12: error: storage class specified for parameter ‘ffsl’
/toolchain/i486-TSOL-linux-gnu/sysroot/usr/include/string.h:530:1: error: expected declaration specifiers before ‘__extension__’
/toolchain/i486-TSOL-linux-gnu/sysroot/usr/include/string.h:536:12: error: storage class specified for parameter ‘strcasecmp’
/toolchain/i486-TSOL-linux-gnu/sysroot/usr/include/string.h:540:12: error: storage class specified for parameter ‘strncasecmp’
/toolchain/i486-TSOL-linux-gnu/sysroot/usr/include/string.h:547:12: error: storage class specified for parameter ‘strcasecmp_l’
/toolchain/i486-TSOL-linux-gnu/sysroot/usr/include/string.h:551:12: error: storage class specified for parameter ‘strncasecmp_l’
/toolchain/i486-TSOL-linux-gnu/sysroot/usr/include/string.h:559:14: error: storage class specified for parameter ‘strsep’
/toolchain/i486-TSOL-linux-gnu/sysroot/usr/include/string.h:566:14: error: storage class specified for parameter ‘strsignal’
/toolchain/i486-TSOL-linux-gnu/sysroot/usr/include/string.h:569:14: error: storage class specified for parameter ‘__stpcpy’
/toolchain/i486-TSOL-linux-gnu/sysroot/usr/include/string.h:571:14: error: storage class specified for parameter ‘stpcpy’
/toolchain/i486-TSOL-linux-gnu/sysroot/usr/include/string.h:576:14: error: storage class specified for parameter ‘__stpncpy’
/toolchain/i486-TSOL-linux-gnu/sysroot/usr/include/string.h:579:14: error: storage class specified for parameter ‘stpncpy’
/toolchain/i486-TSOL-linux-gnu/sysroot/usr/include/string.h:586:12: error: storage class specified for parameter ‘strverscmp’
/toolchain/i486-TSOL-linux-gnu/sysroot/usr/include/string.h:590:14: error: storage class specified for parameter ‘strfry’
/toolchain/i486-TSOL-linux-gnu/sysroot/usr/include/string.h:593:14: error: storage class specified for parameter ‘memfrob’
/toolchain/i486-TSOL-linux-gnu/sysroot/usr/include/string.h:606:14: error: storage class specified for parameter ‘basename’
In file included from /toolchain/i486-TSOL-linux-gnu/sysroot/usr/include/string.h:637:0,
                 from gtksearchenginesimple.c:40:
/toolchain/i486-TSOL-linux-gnu/sysroot/usr/include/bits/string2.h:394:14: error: storage class specified for parameter ‘__rawmemchr’
/toolchain/i486-TSOL-linux-gnu/sysroot/usr/include/bits/string2.h:969:24: error: storage class specified for parameter ‘__strcspn_c1’
/toolchain/i486-TSOL-linux-gnu/sysroot/usr/include/bits/string2.h:972:1: error: expected ‘=’, ‘,’, ‘;’, ‘asm’ or ‘__attribute__’ before ‘{’ token
/toolchain/i486-TSOL-linux-gnu/sysroot/usr/include/bits/string2.h:979:24: error: storage class specified for parameter ‘__strcspn_c2’
/toolchain/i486-TSOL-linux-gnu/sysroot/usr/include/bits/string2.h:983:1: error: expected ‘=’, ‘,’, ‘;’, ‘asm’ or ‘__attribute__’ before ‘{’ token
/toolchain/i486-TSOL-linux-gnu/sysroot/usr/include/bits/string2.h:991:24: error: storage class specified for parameter ‘__strcspn_c3’
/toolchain/i486-TSOL-linux-gnu/sysroot/usr/include/bits/string2.h:996:1: error: expected ‘=’, ‘,’, ‘;’, ‘asm’ or ‘__attribute__’ before ‘{’ token
/toolchain/i486-TSOL-linux-gnu/sysroot/usr/include/bits/string2.h:1045:24: error: storage class specified for parameter ‘__strspn_c1’
/toolchain/i486-TSOL-linux-gnu/sysroot/usr/include/bits/string2.h:1048:1: error: expected ‘=’, ‘,’, ‘;’, ‘asm’ or ‘__attribute__’ before ‘{’ token
/toolchain/i486-TSOL-linux-gnu/sysroot/usr/include/bits/string2.h:1056:24: error: storage class specified for parameter ‘__strspn_c2’
/toolchain/i486-TSOL-linux-gnu/sysroot/usr/include/bits/string2.h:1060:1: error: expected ‘=’, ‘,’, ‘;’, ‘asm’ or ‘__attribute__’ before ‘{’ token
/toolchain/i486-TSOL-linux-gnu/sysroot/usr/include/bits/string2.h:1068:24: error: storage class specified for parameter ‘__strspn_c3’
/toolchain/i486-TSOL-linux-gnu/sysroot/usr/include/bits/string2.h:1072:1: error: expected ‘=’, ‘,’, ‘;’, ‘asm’ or ‘__attribute__’ before ‘{’ token
/toolchain/i486-TSOL-linux-gnu/sysroot/usr/include/bits/string2.h:1121:23: error: storage class specified for parameter ‘__strpbrk_c2’
/toolchain/i486-TSOL-linux-gnu/sysroot/usr/include/bits/string2.h:1125:1: error: expected ‘=’, ‘,’, ‘;’, ‘asm’ or ‘__attribute__’ before ‘{’ token
/toolchain/i486-TSOL-linux-gnu/sysroot/usr/include/bits/string2.h:1132:23: error: storage class specified for parameter ‘__strpbrk_c3’
/toolchain/i486-TSOL-linux-gnu/sysroot/usr/include/bits/string2.h:1137:1: error: expected ‘=’, ‘,’, ‘;’, ‘asm’ or ‘__attribute__’ before ‘{’ token
/toolchain/i486-TSOL-linux-gnu/sysroot/usr/include/bits/string2.h:1172:23: error: storage class specified for parameter ‘__strtok_r_1c’
/toolchain/i486-TSOL-linux-gnu/sysroot/usr/include/bits/string2.h:1175:1: error: expected ‘=’, ‘,’, ‘;’, ‘asm’ or ‘__attribute__’ before ‘{’ token
/toolchain/i486-TSOL-linux-gnu/sysroot/usr/include/bits/string2.h:1204:14: error: storage class specified for parameter ‘__strsep_g’
/toolchain/i486-TSOL-linux-gnu/sysroot/usr/include/bits/string2.h:1222:23: error: storage class specified for parameter ‘__strsep_1c’
/toolchain/i486-TSOL-linux-gnu/sysroot/usr/include/bits/string2.h:1225:1: error: expected ‘=’, ‘,’, ‘;’, ‘asm’ or ‘__attribute__’ before ‘{’ token
/toolchain/i486-TSOL-linux-gnu/sysroot/usr/include/bits/string2.h:1232:23: error: storage class specified for parameter ‘__strsep_2c’
/toolchain/i486-TSOL-linux-gnu/sysroot/usr/include/bits/string2.h:1235:1: error: expected ‘=’, ‘,’, ‘;’, ‘asm’ or ‘__attribute__’ before ‘{’ token
/toolchain/i486-TSOL-linux-gnu/sysroot/usr/include/bits/string2.h:1259:23: error: storage class specified for parameter ‘__strsep_3c’
/toolchain/i486-TSOL-linux-gnu/sysroot/usr/include/bits/string2.h:1263:1: error: expected ‘=’, ‘,’, ‘;’, ‘asm’ or ‘__attribute__’ before ‘{’ token
In file included from /toolchain/i486-TSOL-linux-gnu/sysroot/usr/include/bits/string2.h:1298:0,
                 from /toolchain/i486-TSOL-linux-gnu/sysroot/usr/include/string.h:637,
                 from gtksearchenginesimple.c:40:
/toolchain/i486-TSOL-linux-gnu/sysroot/usr/include/stdlib.h:471:14: error: storage class specified for parameter ‘malloc’
/toolchain/i486-TSOL-linux-gnu/sysroot/usr/include/stdlib.h:473:14: error: storage class specified for parameter ‘calloc’
In file included from /toolchain/i486-TSOL-linux-gnu/sysroot/usr/include/string.h:637:0,
                 from gtksearchenginesimple.c:40:
/toolchain/i486-TSOL-linux-gnu/sysroot/usr/include/bits/string2.h:1303:14: error: storage class specified for parameter ‘__strdup’
/toolchain/i486-TSOL-linux-gnu/sysroot/usr/include/bits/string2.h:1322:14: error: storage class specified for parameter ‘__strndup’
gtksearchenginesimple.c:59:3: error: storage class specified for parameter ‘SearchThreadData’
gtksearchenginesimple.c:66:3: error: expected specifier-qualifier-list before ‘SearchThreadData’
gtksearchenginesimple.c:62:1: warning: empty declaration [enabled by default]
gtksearchenginesimple.c:72:1: error: storage class specified for parameter ‘_gtk_search_engine_simple_init’
gtksearchenginesimple.c:72:1: error: storage class specified for parameter ‘_gtk_search_engine_simple_class_init’
gtksearchenginesimple.c:72:1: error: storage class specified for parameter ‘_gtk_search_engine_simple_parent_class’
gtksearchenginesimple.c:72:1: error: parameter ‘_gtk_search_engine_simple_parent_class’ is initialized
gtksearchenginesimple.c:72:1: error: expected ‘=’, ‘,’, ‘;’, ‘asm’ or ‘__attribute__’ before ‘{’ token
gtksearchenginesimple.c:72:1: error: expected ‘=’, ‘,’, ‘;’, ‘asm’ or ‘__attribute__’ before ‘{’ token
gtksearchenginesimple.c:72:89: error: expected declaration specifiers before ‘;’ token
gtksearchenginesimple.c:76:1: error: expected ‘=’, ‘,’, ‘;’, ‘asm’ or ‘__attribute__’ before ‘{’ token
gtksearchenginesimple.c:98:25: error: expected ‘=’, ‘,’, ‘;’, ‘asm’ or ‘__attribute__’ before ‘*’ token
gtksearchenginesimple.c:127:26: error: expected declaration specifiers or ‘...’ before ‘SearchThreadData’
gtksearchenginesimple.c:137:1: error: expected ‘=’, ‘,’, ‘;’, ‘asm’ or ‘__attribute__’ before ‘{’ token
gtksearchenginesimple.c:154:3: error: expected specifier-qualifier-list before ‘SearchThreadData’
gtksearchenginesimple.c:155:3: error: storage class specified for parameter ‘SearchHits’
gtksearchenginesimple.c:160:1: error: expected ‘=’, ‘,’, ‘;’, ‘asm’ or ‘__attribute__’ before ‘{’ token
gtksearchenginesimple.c:179:13: error: expected declaration specifiers or ‘...’ before ‘SearchThreadData’
gtksearchenginesimple.c:196:23: error: storage class specified for parameter ‘search_thread_data’
gtksearchenginesimple.c:196:1: error: parameter ‘search_thread_data’ is initialized
gtksearchenginesimple.c:204:1: error: expected ‘=’, ‘,’, ‘;’, ‘asm’ or ‘__attribute__’ before ‘{’ token
gtksearchenginesimple.c:272:1: error: expected ‘=’, ‘,’, ‘;’, ‘asm’ or ‘__attribute__’ before ‘{’ token
gtksearchenginesimple.c:296:1: error: expected ‘=’, ‘,’, ‘;’, ‘asm’ or ‘__attribute__’ before ‘{’ token
gtksearchenginesimple.c:317:1: error: expected ‘=’, ‘,’, ‘;’, ‘asm’ or ‘__attribute__’ before ‘{’ token
gtksearchenginesimple.c:331:1: error: expected ‘=’, ‘,’, ‘;’, ‘asm’ or ‘__attribute__’ before ‘{’ token
gtksearchenginesimple.c:338:1: error: expected ‘=’, ‘,’, ‘;’, ‘asm’ or ‘__attribute__’ before ‘{’ token
gtksearchenginesimple.c:354:1: error: expected ‘=’, ‘,’, ‘;’, ‘asm’ or ‘__attribute__’ before ‘{’ token
gtksearchenginesimple.c:372:1: error: expected ‘=’, ‘,’, ‘;’, ‘asm’ or ‘__attribute__’ before ‘{’ token
gtksearchenginesimple.c:378:1: error: expected ‘=’, ‘,’, ‘;’, ‘asm’ or ‘__attribute__’ before ‘{’ token
gtksearchenginesimple.c:196:23: error: declaration for parameter ‘search_thread_data’ but no such parameter
gtksearchenginesimple.c:155:3: error: declaration for parameter ‘SearchHits’ but no such parameter
gtksearchenginesimple.c:72:1: error: declaration for parameter ‘_gtk_search_engine_simple_parent_class’ but no such parameter
gtksearchenginesimple.c:72:1: error: declaration for parameter ‘_gtk_search_engine_simple_class_init’ but no such parameter
gtksearchenginesimple.c:72:1: error: declaration for parameter ‘_gtk_search_engine_simple_init’ but no such parameter
gtksearchenginesimple.c:59:3: error: declaration for parameter ‘SearchThreadData’ but no such parameter
/toolchain/i486-TSOL-linux-gnu/sysroot/usr/include/bits/string2.h:1322:14: error: declaration for parameter ‘__strndup’ but no such parameter
/toolchain/i486-TSOL-linux-gnu/sysroot/usr/include/bits/string2.h:1303:14: error: declaration for parameter ‘__strdup’ but no such parameter
/toolchain/i486-TSOL-linux-gnu/sysroot/usr/include/stdlib.h:473:14: error: declaration for parameter ‘calloc’ but no such parameter
/toolchain/i486-TSOL-linux-gnu/sysroot/usr/include/stdlib.h:471:14: error: declaration for parameter ‘malloc’ but no such parameter
/toolchain/i486-TSOL-linux-gnu/sysroot/usr/include/bits/string2.h:1259:23: error: declaration for parameter ‘__strsep_3c’ but no such parameter
/toolchain/i486-TSOL-linux-gnu/sysroot/usr/include/bits/string2.h:1232:23: error: declaration for parameter ‘__strsep_2c’ but no such parameter
/toolchain/i486-TSOL-linux-gnu/sysroot/usr/include/bits/string2.h:1222:23: error: declaration for parameter ‘__strsep_1c’ but no such parameter
/toolchain/i486-TSOL-linux-gnu/sysroot/usr/include/bits/string2.h:1204:14: error: declaration for parameter ‘__strsep_g’ but no such parameter
/toolchain/i486-TSOL-linux-gnu/sysroot/usr/include/bits/string2.h:1172:23: error: declaration for parameter ‘__strtok_r_1c’ but no such parameter
/toolchain/i486-TSOL-linux-gnu/sysroot/usr/include/bits/string2.h:1132:23: error: declaration for parameter ‘__strpbrk_c3’ but no such parameter
/toolchain/i486-TSOL-linux-gnu/sysroot/usr/include/bits/string2.h:1121:23: error: declaration for parameter ‘__strpbrk_c2’ but no such parameter
/toolchain/i486-TSOL-linux-gnu/sysroot/usr/include/bits/string2.h:1068:24: error: declaration for parameter ‘__strspn_c3’ but no such parameter
/toolchain/i486-TSOL-linux-gnu/sysroot/usr/include/bits/string2.h:1056:24: error: declaration for parameter ‘__strspn_c2’ but no such parameter
/toolchain/i486-TSOL-linux-gnu/sysroot/usr/include/bits/string2.h:1045:24: error: declaration for parameter ‘__strspn_c1’ but no such parameter
/toolchain/i486-TSOL-linux-gnu/sysroot/usr/include/bits/string2.h:991:24: error: declaration for parameter ‘__strcspn_c3’ but no such parameter
/toolchain/i486-TSOL-linux-gnu/sysroot/usr/include/bits/string2.h:979:24: error: declaration for parameter ‘__strcspn_c2’ but no such parameter
/toolchain/i486-TSOL-linux-gnu/sysroot/usr/include/bits/string2.h:969:24: error: declaration for parameter ‘__strcspn_c1’ but no such parameter
/toolchain/i486-TSOL-linux-gnu/sysroot/usr/include/bits/string2.h:394:14: error: declaration for parameter ‘__rawmemchr’ but no such parameter
/toolchain/i486-TSOL-linux-gnu/sysroot/usr/include/string.h:606:14: error: declaration for parameter ‘basename’ but no such parameter
/toolchain/i486-TSOL-linux-gnu/sysroot/usr/include/string.h:593:14: error: declaration for parameter ‘memfrob’ but no such parameter
/toolchain/i486-TSOL-linux-gnu/sysroot/usr/include/string.h:590:14: error: declaration for parameter ‘strfry’ but no such parameter
/toolchain/i486-TSOL-linux-gnu/sysroot/usr/include/string.h:586:12: error: declaration for parameter ‘strverscmp’ but no such parameter
/toolchain/i486-TSOL-linux-gnu/sysroot/usr/include/string.h:579:14: error: declaration for parameter ‘stpncpy’ but no such parameter
/toolchain/i486-TSOL-linux-gnu/sysroot/usr/include/string.h:576:14: error: declaration for parameter ‘__stpncpy’ but no such parameter
/toolchain/i486-TSOL-linux-gnu/sysroot/usr/include/string.h:571:14: error: declaration for parameter ‘stpcpy’ but no such parameter
/toolchain/i486-TSOL-linux-gnu/sysroot/usr/include/string.h:569:14: error: declaration for parameter ‘__stpcpy’ but no such parameter
/toolchain/i486-TSOL-linux-gnu/sysroot/usr/include/string.h:566:14: error: declaration for parameter ‘strsignal’ but no such parameter
/toolchain/i486-TSOL-linux-gnu/sysroot/usr/include/string.h:559:14: error: declaration for parameter ‘strsep’ but no such parameter
/toolchain/i486-TSOL-linux-gnu/sysroot/usr/include/string.h:551:12: error: declaration for parameter ‘strncasecmp_l’ but no such parameter
/toolchain/i486-TSOL-linux-gnu/sysroot/usr/include/string.h:547:12: error: declaration for parameter ‘strcasecmp_l’ but no such parameter
/toolchain/i486-TSOL-linux-gnu/sysroot/usr/include/string.h:540:12: error: declaration for parameter ‘strncasecmp’ but no such parameter
/toolchain/i486-TSOL-linux-gnu/sysroot/usr/include/string.h:536:12: error: declaration for parameter ‘strcasecmp’ but no such parameter
/toolchain/i486-TSOL-linux-gnu/sysroot/usr/include/string.h:528:12: error: declaration for parameter ‘ffsl’ but no such parameter
/toolchain/i486-TSOL-linux-gnu/sysroot/usr/include/string.h:523:12: error: declaration for parameter ‘ffs’ but no such parameter
/toolchain/i486-TSOL-linux-gnu/sysroot/usr/include/string.h:517:14: error: declaration for parameter ‘rindex’ but no such parameter
/toolchain/i486-TSOL-linux-gnu/sysroot/usr/include/string.h:489:14: error: declaration for parameter ‘index’ but no such parameter
/toolchain/i486-TSOL-linux-gnu/sysroot/usr/include/string.h:462:12: error: declaration for parameter ‘bcmp’ but no such parameter
/toolchain/i486-TSOL-linux-gnu/sysroot/usr/include/string.h:459:13: error: declaration for parameter ‘bzero’ but no such parameter
/toolchain/i486-TSOL-linux-gnu/sysroot/usr/include/string.h:455:13: error: declaration for parameter ‘bcopy’ but no such parameter
/toolchain/i486-TSOL-linux-gnu/sysroot/usr/include/string.h:451:13: error: declaration for parameter ‘__bzero’ but no such parameter
/toolchain/i486-TSOL-linux-gnu/sysroot/usr/include/string.h:445:14: error: declaration for parameter ‘strerror_l’ but no such parameter
/toolchain/i486-TSOL-linux-gnu/sysroot/usr/include/string.h:438:14: error: declaration for parameter ‘strerror_r’ but no such parameter
/toolchain/i486-TSOL-linux-gnu/sysroot/usr/include/string.h:413:14: error: declaration for parameter ‘strerror’ but no such parameter
/toolchain/i486-TSOL-linux-gnu/sysroot/usr/include/string.h:406:15: error: declaration for parameter ‘strnlen’ but no such parameter
/toolchain/i486-TSOL-linux-gnu/sysroot/usr/include/string.h:399:15: error: declaration for parameter ‘strlen’ but no such parameter
/toolchain/i486-TSOL-linux-gnu/sysroot/usr/include/string.h:391:14: error: declaration for parameter ‘mempcpy’ but no such parameter
/toolchain/i486-TSOL-linux-gnu/sysroot/usr/include/string.h:388:14: error: declaration for parameter ‘__mempcpy’ but no such parameter
/toolchain/i486-TSOL-linux-gnu/sysroot/usr/include/string.h:382:14: error: declaration for parameter ‘memmem’ but no such parameter
/toolchain/i486-TSOL-linux-gnu/sysroot/usr/include/string.h:373:14: error: declaration for parameter ‘strcasestr’ but no such parameter
/toolchain/i486-TSOL-linux-gnu/sysroot/usr/include/string.h:359:14: error: declaration for parameter ‘strtok_r’ but no such parameter
/toolchain/i486-TSOL-linux-gnu/sysroot/usr/include/string.h:354:14: error: declaration for parameter ‘__strtok_r’ but no such parameter
/toolchain/i486-TSOL-linux-gnu/sysroot/usr/include/string.h:348:14: error: declaration for parameter ‘strtok’ but no such parameter
/toolchain/i486-TSOL-linux-gnu/sysroot/usr/include/string.h:342:14: error: declaration for parameter ‘strstr’ but no such parameter
/toolchain/i486-TSOL-linux-gnu/sysroot/usr/include/string.h:314:14: error: declaration for parameter ‘strpbrk’ but no such parameter
/toolchain/i486-TSOL-linux-gnu/sysroot/usr/include/string.h:288:15: error: declaration for parameter ‘strspn’ but no such parameter
/toolchain/i486-TSOL-linux-gnu/sysroot/usr/include/string.h:284:15: error: declaration for parameter ‘strcspn’ but no such parameter
/toolchain/i486-TSOL-linux-gnu/sysroot/usr/include/string.h:276:14: error: declaration for parameter ‘strchrnul’ but no such parameter
/toolchain/i486-TSOL-linux-gnu/sysroot/usr/include/string.h:262:14: error: declaration for parameter ‘strrchr’ but no such parameter
/toolchain/i486-TSOL-linux-gnu/sysroot/usr/include/string.h:235:14: error: declaration for parameter ‘strchr’ but no such parameter
/toolchain/i486-TSOL-linux-gnu/sysroot/usr/include/string.h:183:14: error: declaration for parameter ‘strndup’ but no such parameter
/toolchain/i486-TSOL-linux-gnu/sysroot/usr/include/string.h:175:14: error: declaration for parameter ‘strdup’ but no such parameter
/toolchain/i486-TSOL-linux-gnu/sysroot/usr/include/string.h:168:15: error: declaration for parameter ‘strxfrm_l’ but no such parameter
/toolchain/i486-TSOL-linux-gnu/sysroot/usr/include/string.h:165:12: error: declaration for parameter ‘strcoll_l’ but no such parameter
/toolchain/i486-TSOL-linux-gnu/sysroot/usr/include/string.h:153:15: error: declaration for parameter ‘strxfrm’ but no such parameter
/toolchain/i486-TSOL-linux-gnu/sysroot/usr/include/string.h:150:12: error: declaration for parameter ‘strcoll’ but no such parameter
/toolchain/i486-TSOL-linux-gnu/sysroot/usr/include/string.h:146:12: error: declaration for parameter ‘strncmp’ but no such parameter
/toolchain/i486-TSOL-linux-gnu/sysroot/usr/include/string.h:143:12: error: declaration for parameter ‘strcmp’ but no such parameter
/toolchain/i486-TSOL-linux-gnu/sysroot/usr/include/string.h:139:14: error: declaration for parameter ‘strncat’ but no such parameter
/toolchain/i486-TSOL-linux-gnu/sysroot/usr/include/string.h:136:14: error: declaration for parameter ‘strcat’ but no such parameter
/toolchain/i486-TSOL-linux-gnu/sysroot/usr/include/string.h:131:14: error: declaration for parameter ‘strncpy’ but no such parameter
/toolchain/i486-TSOL-linux-gnu/sysroot/usr/include/string.h:128:14: error: declaration for parameter ‘strcpy’ but no such parameter
/toolchain/i486-TSOL-linux-gnu/sysroot/usr/include/string.h:120:14: error: declaration for parameter ‘memrchr’ but no such parameter
/toolchain/i486-TSOL-linux-gnu/sysroot/usr/include/string.h:109:14: error: declaration for parameter ‘rawmemchr’ but no such parameter
/toolchain/i486-TSOL-linux-gnu/sysroot/usr/include/string.h:95:14: error: declaration for parameter ‘memchr’ but no such parameter
/toolchain/i486-TSOL-linux-gnu/sysroot/usr/include/string.h:68:12: error: declaration for parameter ‘memcmp’ but no such parameter
/toolchain/i486-TSOL-linux-gnu/sysroot/usr/include/string.h:65:14: error: declaration for parameter ‘memset’ but no such parameter
/toolchain/i486-TSOL-linux-gnu/sysroot/usr/include/string.h:57:14: error: declaration for parameter ‘memccpy’ but no such parameter
/toolchain/i486-TSOL-linux-gnu/sysroot/usr/include/string.h:49:14: error: declaration for parameter ‘memmove’ but no such parameter
/toolchain/i486-TSOL-linux-gnu/sysroot/usr/include/string.h:44:14: error: declaration for parameter ‘memcpy’ but no such parameter
gtkprivate.h:99:10: error: declaration for parameter ‘_gtk_fnmatch’ but no such parameter
gtkprivate.h:53:3: error: declaration for parameter ‘GtkPrivateFlags’ but no such parameter
../gtk/gtkwidget.h:824:14: error: declaration for parameter ‘_gtk_widget_peek_colormap’ but no such parameter
../gtk/gtkwidget.h:822:9: error: declaration for parameter ‘_gtk_widget_propagate_composited_changed’ but no such parameter
../gtk/gtkwidget.h:820:19: error: declaration for parameter ‘_gtk_widget_propagate_screen_changed’ but no such parameter
../gtk/gtkwidget.h:818:19: error: declaration for parameter ‘_gtk_widget_propagate_hierarchy_changed’ but no such parameter
../gtk/gtkwidget.h:813:19: error: declaration for parameter ‘_gtk_widget_grab_notify’ but no such parameter
../gtk/gtkwidget.h:804:17: error: declaration for parameter ‘gtk_requisition_get_type’ but no such parameter
../gtk/gtkwidget.h:802:12: error: declaration for parameter ‘gtk_widget_get_has_tooltip’ but no such parameter
../gtk/gtkwidget.h:800:12: error: declaration for parameter ‘gtk_widget_set_has_tooltip’ but no such parameter
../gtk/gtkwidget.h:799:12: error: declaration for parameter ‘gtk_widget_get_tooltip_markup’ but no such parameter
../gtk/gtkwidget.h:797:12: error: declaration for parameter ‘gtk_widget_set_tooltip_markup’ but no such parameter
../gtk/gtkwidget.h:796:12: error: declaration for parameter ‘gtk_widget_get_tooltip_text’ but no such parameter
../gtk/gtkwidget.h:794:12: error: declaration for parameter ‘gtk_widget_set_tooltip_text’ but no such parameter
../gtk/gtkwidget.h:793:12: error: declaration for parameter ‘gtk_widget_trigger_tooltip_query’ but no such parameter
../gtk/gtkwidget.h:787:8: error: declaration for parameter ‘gtk_widget_remove_mnemonic_label’ but no such parameter
../gtk/gtkwidget.h:785:8: error: declaration for parameter ‘gtk_widget_add_mnemonic_label’ but no such parameter
../gtk/gtkwidget.h:784:8: error: declaration for parameter ‘gtk_widget_list_mnemonic_labels’ but no such parameter
../gtk/gtkwidget.h:779:11: error: declaration for parameter ‘gtk_widget_class_path’ but no such parameter
../gtk/gtkwidget.h:775:11: error: declaration for parameter ‘gtk_widget_path’ but no such parameter
../gtk/gtkwidget.h:770:11: error: declaration for parameter ‘gtk_widget_reset_shapes’ but no such parameter
../gtk/gtkwidget.h:764:11: error: declaration for parameter ‘gtk_widget_input_shape_combine_mask’ but no such parameter
../gtk/gtkwidget.h:760:11: error: declaration for parameter ‘gtk_widget_shape_combine_mask’ but no such parameter
../gtk/gtkwidget.h:756:10: error: declaration for parameter ‘gtk_widget_is_composited’ but no such parameter
../gtk/gtkwidget.h:753:18: error: declaration for parameter ‘gtk_widget_get_default_direction’ but no such parameter
../gtk/gtkwidget.h:752:18: error: declaration for parameter ‘gtk_widget_set_default_direction’ but no such parameter
../gtk/gtkwidget.h:750:18: error: declaration for parameter ‘gtk_widget_get_direction’ but no such parameter
../gtk/gtkwidget.h:748:18: error: declaration for parameter ‘gtk_widget_set_direction’ but no such parameter
../gtk/gtkwidget.h:742:14: error: declaration for parameter ‘gtk_widget_get_default_visual’ but no such parameter
../gtk/gtkwidget.h:741:14: error: declaration for parameter ‘gtk_widget_get_default_colormap’ but no such parameter
../gtk/gtkwidget.h:739:14: error: declaration for parameter ‘gtk_widget_get_default_style’ but no such parameter
../gtk/gtkwidget.h:738:11: error: declaration for parameter ‘gtk_widget_set_default_colormap’ but no such parameter
../gtk/gtkwidget.h:731:6: error: declaration for parameter ‘gtk_widget_style_get’ but no such parameter
../gtk/gtkwidget.h:728:6: error: declaration for parameter ‘gtk_widget_style_get_valist’ but no such parameter
../gtk/gtkwidget.h:725:6: error: declaration for parameter ‘gtk_widget_style_get_property’ but no such parameter
../gtk/gtkwidget.h:712:11: error: declaration for parameter ‘gtk_widget_pop_colormap’ but no such parameter
../gtk/gtkwidget.h:711:11: error: declaration for parameter ‘gtk_widget_pop_composite_child’ but no such parameter
../gtk/gtkwidget.h:710:11: error: declaration for parameter ‘gtk_widget_push_composite_child’ but no such parameter
../gtk/gtkwidget.h:709:11: error: declaration for parameter ‘gtk_widget_push_colormap’ but no such parameter
../gtk/gtkwidget.h:703:12: error: declaration for parameter ‘gtk_widget_reset_rc_styles’ but no such parameter
../gtk/gtkwidget.h:700:8: error: declaration for parameter ‘gtk_widget_get_composite_name’ but no such parameter
../gtk/gtkwidget.h:698:8: error: declaration for parameter ‘gtk_widget_set_composite_name’ but no such parameter
../gtk/gtkwidget.h:690:15: error: declaration for parameter ‘gtk_widget_render_icon’ but no such parameter
../gtk/gtkwidget.h:687:15: error: declaration for parameter ‘gtk_widget_create_pango_layout’ but no such parameter
../gtk/gtkwidget.h:686:15: error: declaration for parameter ‘gtk_widget_get_pango_context’ but no such parameter
../gtk/gtkwidget.h:685:15: error: declaration for parameter ‘gtk_widget_create_pango_context’ but no such parameter
../gtk/gtkwidget.h:677:13: error: declaration for parameter ‘gtk_widget_modify_font’ but no such parameter
../gtk/gtkwidget.h:674:13: error: declaration for parameter ‘gtk_widget_modify_cursor’ but no such parameter
../gtk/gtkwidget.h:671:13: error: declaration for parameter ‘gtk_widget_modify_base’ but no such parameter
../gtk/gtkwidget.h:668:13: error: declaration for parameter ‘gtk_widget_modify_text’ but no such parameter
../gtk/gtkwidget.h:665:13: error: declaration for parameter ‘gtk_widget_modify_bg’ but no such parameter
../gtk/gtkwidget.h:662:13: error: declaration for parameter ‘gtk_widget_modify_fg’ but no such parameter
../gtk/gtkwidget.h:661:13: error: declaration for parameter ‘gtk_widget_get_modifier_style’ but no such parameter
../gtk/gtkwidget.h:659:13: error: declaration for parameter ‘gtk_widget_modify_style’ but no such parameter
../gtk/gtkwidget.h:657:12: error: declaration for parameter ‘gtk_widget_get_style’ but no such parameter
../gtk/gtkwidget.h:656:9: error: declaration for parameter ‘gtk_widget_ensure_style’ but no such parameter
../gtk/gtkwidget.h:654:9: error: declaration for parameter ‘gtk_widget_set_style’ but no such parameter
../gtk/gtkwidget.h:650:14: error: declaration for parameter ‘gtk_widget_hide_on_delete’ but no such parameter
../gtk/gtkwidget.h:641:14: error: declaration for parameter ‘gtk_widget_translate_coordinates’ but no such parameter
../gtk/gtkwidget.h:638:14: error: declaration for parameter ‘gtk_widget_is_ancestor’ but no such parameter
../gtk/gtkwidget.h:634:11: error: declaration for parameter ‘gtk_widget_get_pointer’ but no such parameter
../gtk/gtkwidget.h:633:11: error: declaration for parameter ‘gtk_widget_get_events’ but no such parameter
../gtk/gtkwidget.h:630:14: error: declaration for parameter ‘gtk_widget_set_colormap’ but no such parameter
../gtk/gtkwidget.h:622:18: error: declaration for parameter ‘gtk_widget_get_accessible’ but no such parameter
../gtk/gtkwidget.h:610:15: error: declaration for parameter ‘gtk_widget_get_settings’ but no such parameter
../gtk/gtkwidget.h:609:15: error: declaration for parameter ‘gtk_widget_get_root_window’ but no such parameter
../gtk/gtkwidget.h:608:15: error: declaration for parameter ‘gtk_widget_get_display’ but no such parameter
../gtk/gtkwidget.h:607:15: error: declaration for parameter ‘gtk_widget_has_screen’ but no such parameter
../gtk/gtkwidget.h:606:15: error: declaration for parameter ‘gtk_widget_get_screen’ but no such parameter
../gtk/gtkwidget.h:604:14: error: declaration for parameter ‘gtk_widget_get_visual’ but no such parameter
../gtk/gtkwidget.h:603:14: error: declaration for parameter ‘gtk_widget_get_colormap’ but no such parameter
../gtk/gtkwidget.h:601:14: error: declaration for parameter ‘gtk_widget_get_ancestor’ but no such parameter
../gtk/gtkwidget.h:600:14: error: declaration for parameter ‘gtk_widget_get_toplevel’ but no such parameter
../gtk/gtkwidget.h:599:18: error: declaration for parameter ‘gtk_widget_get_extension_events’ but no such parameter
../gtk/gtkwidget.h:596:9: error: declaration for parameter ‘gtk_widget_set_extension_events’ but no such parameter
../gtk/gtkwidget.h:594:12: error: declaration for parameter ‘gtk_widget_add_events’ but no such parameter
../gtk/gtkwidget.h:592:9: error: declaration for parameter ‘gtk_widget_set_events’ but no such parameter
../gtk/gtkwidget.h:587:9: error: declaration for parameter ‘gtk_widget_set_usize’ but no such parameter
../gtk/gtkwidget.h:584:9: error: declaration for parameter ‘gtk_widget_set_uposition’ but no such parameter
../gtk/gtkwidget.h:580:12: error: declaration for parameter ‘gtk_widget_get_size_request’ but no such parameter
../gtk/gtkwidget.h:577:12: error: declaration for parameter ‘gtk_widget_set_size_request’ but no such parameter
../gtk/gtkwidget.h:575:12: error: declaration for parameter ‘gtk_widget_error_bell’ but no such parameter
../gtk/gtkwidget.h:573:12: error: declaration for parameter ‘gtk_widget_keynav_failed’ but no such parameter
../gtk/gtkwidget.h:571:12: error: declaration for parameter ‘gtk_widget_child_focus’ but no such parameter
../gtk/gtkwidget.h:569:12: error: declaration for parameter ‘gtk_widget_get_parent_window’ but no such parameter
../gtk/gtkwidget.h:568:12: error: declaration for parameter ‘gtk_widget_get_parent’ but no such parameter
../gtk/gtkwidget.h:566:23: error: declaration for parameter ‘gtk_widget_get_child_visible’ but no such parameter
../gtk/gtkwidget.h:564:23: error: declaration for parameter ‘gtk_widget_set_child_visible’ but no such parameter
../gtk/gtkwidget.h:562:23: error: declaration for parameter ‘gtk_widget_set_parent_window’ but no such parameter
../gtk/gtkwidget.h:560:23: error: declaration for parameter ‘gtk_widget_set_parent’ but no such parameter
../gtk/gtkwidget.h:558:23: error: declaration for parameter ‘gtk_widget_set_redraw_on_allocate’ but no such parameter
../gtk/gtkwidget.h:556:23: error: declaration for parameter ‘gtk_widget_set_double_buffered’ but no such parameter
../gtk/gtkwidget.h:554:23: error: declaration for parameter ‘gtk_widget_set_app_paintable’ but no such parameter
../gtk/gtkwidget.h:552:23: error: declaration for parameter ‘gtk_widget_set_sensitive’ but no such parameter
../gtk/gtkwidget.h:550:23: error: declaration for parameter ‘gtk_widget_set_state’ but no such parameter
../gtk/gtkwidget.h:549:23: error: declaration for parameter ‘gtk_widget_get_name’ but no such parameter
../gtk/gtkwidget.h:547:23: error: declaration for parameter ‘gtk_widget_set_name’ but no such parameter
../gtk/gtkwidget.h:545:9: error: declaration for parameter ‘gtk_widget_grab_default’ but no such parameter
../gtk/gtkwidget.h:544:9: error: declaration for parameter ‘gtk_widget_grab_focus’ but no such parameter
../gtk/gtkwidget.h:543:12: error: declaration for parameter ‘gtk_widget_is_focus’ but no such parameter
../gtk/gtkwidget.h:541:6: error: declaration for parameter ‘gtk_widget_thaw_child_notify’ but no such parameter
../gtk/gtkwidget.h:539:6: error: declaration for parameter ‘gtk_widget_child_notify’ but no such parameter
../gtk/gtkwidget.h:538:6: error: declaration for parameter ‘gtk_widget_freeze_child_notify’ but no such parameter
../gtk/gtkwidget.h:535:12: error: declaration for parameter ‘gtk_widget_region_intersect’ but no such parameter
../gtk/gtkwidget.h:532:12: error: declaration for parameter ‘gtk_widget_intersect’ but no such parameter
../gtk/gtkwidget.h:530:9: error: declaration for parameter ‘gtk_widget_reparent’ but no such parameter
../gtk/gtkwidget.h:526:12: error: declaration for parameter ‘gtk_widget_set_scroll_adjustments’ but no such parameter
../gtk/gtkwidget.h:525:12: error: declaration for parameter ‘gtk_widget_activate’ but no such parameter
../gtk/gtkwidget.h:522:12: error: declaration for parameter ‘gtk_widget_send_expose’ but no such parameter
../gtk/gtkwidget.h:520:12: error: declaration for parameter ‘gtk_widget_event’ but no such parameter
../gtk/gtkwidget.h:518:12: error: declaration for parameter ‘gtk_widget_mnemonic_activate’ but no such parameter
../gtk/gtkwidget.h:516:12: error: declaration for parameter ‘gtk_widget_can_activate_accel’ but no such parameter
../gtk/gtkwidget.h:515:12: error: declaration for parameter ‘gtk_widget_list_accel_closures’ but no such parameter
../gtk/gtkwidget.h:513:14: error: declaration for parameter ‘_gtk_widget_get_accel_path’ but no such parameter
../gtk/gtkwidget.h:510:12: error: declaration for parameter ‘gtk_widget_set_accel_path’ but no such parameter
../gtk/gtkwidget.h:506:12: error: declaration for parameter ‘gtk_widget_remove_accelerator’ but no such parameter
../gtk/gtkwidget.h:500:9: error: declaration for parameter ‘gtk_widget_add_accelerator’ but no such parameter
../gtk/gtkwidget.h:491:9: error: declaration for parameter ‘gtk_widget_draw’ but no such parameter
../gtk/gtkwidget.h:489:9: error: declaration for parameter ‘gtk_widget_queue_resize_no_redraw’ but no such parameter
../gtk/gtkwidget.h:488:9: error: declaration for parameter ‘gtk_widget_queue_resize’ but no such parameter
../gtk/gtkwidget.h:480:9: error: declaration for parameter ‘gtk_widget_queue_clear_area’ but no such parameter
../gtk/gtkwidget.h:479:9: error: declaration for parameter ‘gtk_widget_queue_clear’ but no such parameter
../gtk/gtkwidget.h:473:9: error: declaration for parameter ‘gtk_widget_queue_draw_area’ but no such parameter
../gtk/gtkwidget.h:472:9: error: declaration for parameter ‘gtk_widget_queue_draw’ but no such parameter
../gtk/gtkwidget.h:469:9: error: declaration for parameter ‘gtk_widget_unrealize’ but no such parameter
../gtk/gtkwidget.h:468:9: error: declaration for parameter ‘gtk_widget_realize’ but no such parameter
../gtk/gtkwidget.h:467:9: error: declaration for parameter ‘gtk_widget_unmap’ but no such parameter
../gtk/gtkwidget.h:466:9: error: declaration for parameter ‘gtk_widget_map’ but no such parameter
../gtk/gtkwidget.h:465:12: error: declaration for parameter ‘gtk_widget_get_no_show_all’ but no such parameter
../gtk/gtkwidget.h:463:12: error: declaration for parameter ‘gtk_widget_set_no_show_all’ but no such parameter
../gtk/gtkwidget.h:462:9: error: declaration for parameter ‘gtk_widget_hide_all’ but no such parameter
../gtk/gtkwidget.h:461:9: error: declaration for parameter ‘gtk_widget_show_all’ but no such parameter
../gtk/gtkwidget.h:460:9: error: declaration for parameter ‘gtk_widget_hide’ but no such parameter
../gtk/gtkwidget.h:459:12: error: declaration for parameter ‘gtk_widget_show_now’ but no such parameter
../gtk/gtkwidget.h:458:9: error: declaration for parameter ‘gtk_widget_show’ but no such parameter
../gtk/gtkwidget.h:457:9: error: declaration for parameter ‘gtk_widget_unparent’ but no such parameter
../gtk/gtkwidget.h:453:9: error: declaration for parameter ‘gtk_widget_set’ but no such parameter
../gtk/gtkwidget.h:452:9: error: declaration for parameter ‘gtk_widget_unref’ but no such parameter
../gtk/gtkwidget.h:451:12: error: declaration for parameter ‘gtk_widget_ref’ but no such parameter
../gtk/gtkwidget.h:448:9: error: declaration for parameter ‘gtk_widget_destroyed’ but no such parameter
../gtk/gtkwidget.h:447:9: error: declaration for parameter ‘gtk_widget_destroy’ but no such parameter
../gtk/gtkwidget.h:444:12: error: declaration for parameter ‘gtk_widget_new’ but no such parameter
../gtk/gtkwidget.h:443:10: error: declaration for parameter ‘gtk_widget_get_type’ but no such parameter
../gtk/gtkwidget.h:145:20: error: declaration for parameter ‘GtkCallback’ but no such parameter
../gtk/gtkwidget.h:144:36: error: parameter ‘GtkWindow’ has incomplete type
../gtk/gtkwidget.h:144:36: error: declaration for parameter ‘GtkWindow’ but no such parameter
../gtk/gtkwidget.h:143:36: error: parameter ‘GtkTooltip’ has incomplete type
../gtk/gtkwidget.h:143:36: error: declaration for parameter ‘GtkTooltip’ but no such parameter
../gtk/gtkwidget.h:142:33: error: parameter ‘GtkClipboard’ has incomplete type
../gtk/gtkwidget.h:142:33: error: declaration for parameter ‘GtkClipboard’ but no such parameter
../gtk/gtkwidget.h:141:36: error: declaration for parameter ‘GtkWidgetShapeInfo’ but no such parameter
../gtk/gtkwidget.h:140:36: error: declaration for parameter ‘GtkWidgetAuxInfo’ but no such parameter
../gtk/gtkwidget.h:139:35: error: declaration for parameter ‘GtkWidgetClass’ but no such parameter
../gtk/gtkwidget.h:138:36: error: parameter ‘GtkSelectionData’ has incomplete type
../gtk/gtkwidget.h:138:36: error: declaration for parameter ‘GtkSelectionData’ but no such parameter
../gtk/gtkwidget.h:137:26: error: declaration for parameter ‘GtkAllocation’ but no such parameter
../gtk/gtkwidget.h:136:35: error: declaration for parameter ‘GtkRequisition’ but no such parameter
../gtk/gtkwidget.h:85:3: error: declaration for parameter ‘GtkWidgetHelpType’ but no such parameter
../gtk/gtkwidget.h:78:3: error: declaration for parameter ‘GtkWidgetFlags’ but no such parameter
/usr/include/atk-1.0/atk/atkobject.h:613:23: error: declaration for parameter ‘atk_role_get_localized_name’ but no such parameter
/usr/include/atk-1.0/atk/atkobject.h:610:23: error: declaration for parameter ‘atk_object_remove_relationship’ but no such parameter
/usr/include/atk-1.0/atk/atkobject.h:607:23: error: declaration for parameter ‘atk_object_add_relationship’ but no such parameter
/usr/include/atk-1.0/atk/atkobject.h:603:23: error: declaration for parameter ‘atk_role_for_name’ but no such parameter
/usr/include/atk-1.0/atk/atkobject.h:602:23: error: declaration for parameter ‘atk_role_get_name’ but no such parameter
/usr/include/atk-1.0/atk/atkobject.h:599:22: error: declaration for parameter ‘atk_object_initialize’ but no such parameter
/usr/include/atk-1.0/atk/atkobject.h:596:22: error: declaration for parameter ‘atk_object_notify_state_change’ but no such parameter
/usr/include/atk-1.0/atk/atkobject.h:593:22: error: declaration for parameter ‘atk_object_remove_property_change_handler’ but no such parameter
/usr/include/atk-1.0/atk/atkobject.h:591:22: error: declaration for parameter ‘atk_object_connect_property_change_handler’ but no such parameter
/usr/include/atk-1.0/atk/atkobject.h:587:25: error: declaration for parameter ‘atk_object_set_role’ but no such parameter
/usr/include/atk-1.0/atk/atkobject.h:585:25: error: declaration for parameter ‘atk_object_set_parent’ but no such parameter
/usr/include/atk-1.0/atk/atkobject.h:583:25: error: declaration for parameter ‘atk_object_set_description’ but no such parameter
/usr/include/atk-1.0/atk/atkobject.h:581:25: error: declaration for parameter ‘atk_object_set_name’ but no such parameter
/usr/include/atk-1.0/atk/atkobject.h:580:25: error: declaration for parameter ‘atk_object_get_index_in_parent’ but no such parameter
/usr/include/atk-1.0/atk/atkobject.h:579:25: error: declaration for parameter ‘atk_object_ref_state_set’ but no such parameter
/usr/include/atk-1.0/atk/atkobject.h:578:25: error: declaration for parameter ‘atk_object_get_attributes’ but no such parameter
/usr/include/atk-1.0/atk/atkobject.h:574:25: error: declaration for parameter ‘atk_object_get_layer’ but no such parameter
gtksearchenginesimple.c:384:1: error: expected ‘{’ at end of input
gtksearchenginesimple.c:384:1: warning: control reaches end of non-void function [-Wreturn-type]
make[4]: *** [gtksearchenginesimple.lo] Error 1
make[3]: *** [all-recursive] Error 1
make[2]: *** [all] Error 2
make[1]: *** [all-recursive] Error 1
make: *** [all] Error 2
